{"C:\\Users\\MAYOMBO\\Desktop\\arbre-a-palabres - Copie\\backend\\server.js": {"path":"C:\\Users\\MAYOMBO\\Desktop\\arbre-a-palabres - Copie\\backend\\server.js","statementMap":{"0":{"start":{"line":4,"column":0},"end":{"line":4,"column":27}},"1":{"start":{"line":9,"column":16},"end":{"line":9,"column":34}},"2":{"start":{"line":10,"column":17},"end":{"line":10,"column":36}},"3":{"start":{"line":11,"column":13},"end":{"line":11,"column":28}},"4":{"start":{"line":12,"column":15},"end":{"line":12,"column":32}},"5":{"start":{"line":13,"column":18},"end":{"line":13,"column":47}},"6":{"start":{"line":14,"column":22},"end":{"line":14,"column":55}},"7":{"start":{"line":15,"column":13},"end":{"line":15,"column":28}},"8":{"start":{"line":17,"column":18},"end":{"line":17,"column":46}},"9":{"start":{"line":20,"column":24},"end":{"line":20,"column":53}},"10":{"start":{"line":21,"column":21},"end":{"line":21,"column":47}},"11":{"start":{"line":22,"column":27},"end":{"line":22,"column":59}},"12":{"start":{"line":24,"column":23},"end":{"line":24,"column":51}},"13":{"start":{"line":25,"column":19},"end":{"line":25,"column":43}},"14":{"start":{"line":30,"column":13},"end":{"line":30,"column":37}},"15":{"start":{"line":32,"column":23},"end":{"line":36,"column":1}},"16":{"start":{"line":39,"column":0},"end":{"line":41,"column":1}},"17":{"start":{"line":40,"column":2},"end":{"line":40,"column":14}},"18":{"start":{"line":44,"column":12},"end":{"line":44,"column":21}},"19":{"start":{"line":51,"column":0},"end":{"line":51,"column":44}},"20":{"start":{"line":52,"column":0},"end":{"line":52,"column":66}},"21":{"start":{"line":55,"column":0},"end":{"line":58,"column":3}},"22":{"start":{"line":56,"column":2},"end":{"line":56,"column":67}},"23":{"start":{"line":57,"column":2},"end":{"line":57,"column":9}},"24":{"start":{"line":61,"column":0},"end":{"line":61,"column":18}},"25":{"start":{"line":62,"column":0},"end":{"line":62,"column":25}},"26":{"start":{"line":68,"column":26},"end":{"line":68,"column":99}},"27":{"start":{"line":69,"column":26},"end":{"line":69,"column":67}},"28":{"start":{"line":71,"column":0},"end":{"line":82,"column":2}},"29":{"start":{"line":74,"column":6},"end":{"line":74,"column":47}},"30":{"start":{"line":74,"column":19},"end":{"line":74,"column":47}},"31":{"start":{"line":75,"column":6},"end":{"line":75,"column":74}},"32":{"start":{"line":75,"column":46},"end":{"line":75,"column":74}},"33":{"start":{"line":76,"column":6},"end":{"line":76,"column":56}},"34":{"start":{"line":85,"column":0},"end":{"line":85,"column":25}},"35":{"start":{"line":88,"column":0},"end":{"line":95,"column":2}},"36":{"start":{"line":98,"column":0},"end":{"line":98,"column":69}},"37":{"start":{"line":103,"column":0},"end":{"line":115,"column":3}},"38":{"start":{"line":104,"column":2},"end":{"line":114,"column":5}},"39":{"start":{"line":117,"column":0},"end":{"line":119,"column":3}},"40":{"start":{"line":118,"column":2},"end":{"line":118,"column":57}},"41":{"start":{"line":124,"column":0},"end":{"line":124,"column":43}},"42":{"start":{"line":125,"column":0},"end":{"line":125,"column":37}},"43":{"start":{"line":126,"column":0},"end":{"line":126,"column":49}},"44":{"start":{"line":127,"column":0},"end":{"line":127,"column":41}},"45":{"start":{"line":128,"column":0},"end":{"line":128,"column":33}},"46":{"start":{"line":133,"column":0},"end":{"line":138,"column":3}},"47":{"start":{"line":134,"column":2},"end":{"line":137,"column":5}},"48":{"start":{"line":143,"column":21},"end":{"line":143,"column":57}},"49":{"start":{"line":144,"column":0},"end":{"line":144,"column":22}},"50":{"start":{"line":149,"column":15},"end":{"line":149,"column":41}},"51":{"start":{"line":150,"column":29},"end":{"line":150,"column":55}},"52":{"start":{"line":153,"column":0},"end":{"line":166,"column":1}},"53":{"start":{"line":154,"column":17},"end":{"line":156,"column":3}},"54":{"start":{"line":155,"column":4},"end":{"line":155,"column":62}},"55":{"start":{"line":159,"column":13},"end":{"line":159,"column":37}},"56":{"start":{"line":160,"column":2},"end":{"line":160,"column":40}},"57":{"start":{"line":162,"column":2},"end":{"line":165,"column":5}},"58":{"start":{"line":163,"column":4},"end":{"line":163,"column":91}},"59":{"start":{"line":164,"column":4},"end":{"line":164,"column":40}},"60":{"start":{"line":164,"column":23},"end":{"line":164,"column":38}},"61":{"start":{"line":168,"column":0},"end":{"line":168,"column":21}}},"fnMap":{"0":{"name":"(anonymous_0)","decl":{"start":{"line":55,"column":8},"end":{"line":55,"column":9}},"loc":{"start":{"line":55,"column":28},"end":{"line":58,"column":1}},"line":55},"1":{"name":"(anonymous_1)","decl":{"start":{"line":73,"column":12},"end":{"line":73,"column":13}},"loc":{"start":{"line":73,"column":40},"end":{"line":77,"column":5}},"line":73},"2":{"name":"(anonymous_2)","decl":{"start":{"line":103,"column":13},"end":{"line":103,"column":14}},"loc":{"start":{"line":103,"column":27},"end":{"line":115,"column":1}},"line":103},"3":{"name":"(anonymous_3)","decl":{"start":{"line":117,"column":18},"end":{"line":117,"column":19}},"loc":{"start":{"line":117,"column":32},"end":{"line":119,"column":1}},"line":117},"4":{"name":"(anonymous_4)","decl":{"start":{"line":133,"column":8},"end":{"line":133,"column":9}},"loc":{"start":{"line":133,"column":22},"end":{"line":138,"column":1}},"line":133},"5":{"name":"(anonymous_5)","decl":{"start":{"line":154,"column":34},"end":{"line":154,"column":35}},"loc":{"start":{"line":155,"column":4},"end":{"line":155,"column":62}},"line":155},"6":{"name":"(anonymous_6)","decl":{"start":{"line":162,"column":35},"end":{"line":162,"column":36}},"loc":{"start":{"line":162,"column":44},"end":{"line":165,"column":3}},"line":162},"7":{"name":"(anonymous_7)","decl":{"start":{"line":164,"column":17},"end":{"line":164,"column":18}},"loc":{"start":{"line":164,"column":23},"end":{"line":164,"column":38}},"line":164}},"branchMap":{"0":{"loc":{"start":{"line":30,"column":13},"end":{"line":30,"column":37}},"type":"binary-expr","locations":[{"start":{"line":30,"column":13},"end":{"line":30,"column":29}},{"start":{"line":30,"column":33},"end":{"line":30,"column":37}}],"line":30},"1":{"loc":{"start":{"line":39,"column":0},"end":{"line":41,"column":1}},"type":"if","locations":[{"start":{"line":39,"column":0},"end":{"line":41,"column":1}},{"start":{},"end":{}}],"line":39},"2":{"loc":{"start":{"line":68,"column":26},"end":{"line":68,"column":99}},"type":"cond-expr","locations":[{"start":{"line":68,"column":56},"end":{"line":68,"column":94}},{"start":{"line":68,"column":97},"end":{"line":68,"column":99}}],"line":68},"3":{"loc":{"start":{"line":74,"column":6},"end":{"line":74,"column":47}},"type":"if","locations":[{"start":{"line":74,"column":6},"end":{"line":74,"column":47}},{"start":{},"end":{}}],"line":74},"4":{"loc":{"start":{"line":75,"column":6},"end":{"line":75,"column":74}},"type":"if","locations":[{"start":{"line":75,"column":6},"end":{"line":75,"column":74}},{"start":{},"end":{}}],"line":75},"5":{"loc":{"start":{"line":153,"column":0},"end":{"line":166,"column":1}},"type":"if","locations":[{"start":{"line":153,"column":0},"end":{"line":166,"column":1}},{"start":{},"end":{}}],"line":153}},"s":{"0":1,"1":1,"2":1,"3":1,"4":1,"5":1,"6":1,"7":1,"8":1,"9":1,"10":1,"11":1,"12":1,"13":1,"14":1,"15":1,"16":1,"17":0,"18":1,"19":1,"20":1,"21":1,"22":1,"23":1,"24":1,"25":1,"26":1,"27":1,"28":1,"29":1,"30":1,"31":0,"32":0,"33":0,"34":1,"35":1,"36":1,"37":1,"38":0,"39":1,"40":0,"41":1,"42":1,"43":1,"44":1,"45":1,"46":1,"47":0,"48":1,"49":1,"50":1,"51":1,"52":1,"53":0,"54":0,"55":0,"56":0,"57":0,"58":0,"59":0,"60":0,"61":1},"f":{"0":1,"1":1,"2":0,"3":0,"4":0,"5":0,"6":0,"7":0},"b":{"0":[1,0],"1":[0,1],"2":[0,1],"3":[1,0],"4":[0,0],"5":[0,1]},"_coverageSchema":"1a1c01bbd47fc00a2c39e90264f33305004495a9","hash":"23faf96f6aa2e55c36e31846491d226084b68556"}
,"C:\\Users\\MAYOMBO\\Desktop\\arbre-a-palabres - Copie\\backend\\config\\database.js": {"path":"C:\\Users\\MAYOMBO\\Desktop\\arbre-a-palabres - Copie\\backend\\config\\database.js","statementMap":{"0":{"start":{"line":1,"column":17},"end":{"line":1,"column":36}},"1":{"start":{"line":3,"column":18},"end":{"line":15,"column":1}},"2":{"start":{"line":4,"column":2},"end":{"line":14,"column":3}},"3":{"start":{"line":5,"column":17},"end":{"line":8,"column":6}},"4":{"start":{"line":10,"column":4},"end":{"line":10,"column":64}},"5":{"start":{"line":12,"column":4},"end":{"line":12,"column":57}},"6":{"start":{"line":13,"column":4},"end":{"line":13,"column":20}},"7":{"start":{"line":17,"column":0},"end":{"line":17,"column":27}}},"fnMap":{"0":{"name":"(anonymous_0)","decl":{"start":{"line":3,"column":18},"end":{"line":3,"column":19}},"loc":{"start":{"line":3,"column":30},"end":{"line":15,"column":1}},"line":3}},"branchMap":{},"s":{"0":1,"1":1,"2":0,"3":0,"4":0,"5":0,"6":0,"7":1},"f":{"0":0},"b":{},"_coverageSchema":"1a1c01bbd47fc00a2c39e90264f33305004495a9","hash":"8ac2d6cd694bf40f53771a2ebaa3a86058e7bc5d"}
,"C:\\Users\\MAYOMBO\\Desktop\\arbre-a-palabres - Copie\\backend\\config\\logger.js": {"path":"C:\\Users\\MAYOMBO\\Desktop\\arbre-a-palabres - Copie\\backend\\config\\logger.js","statementMap":{"0":{"start":{"line":1,"column":16},"end":{"line":1,"column":34}},"1":{"start":{"line":2,"column":13},"end":{"line":2,"column":28}},"2":{"start":{"line":5,"column":11},"end":{"line":5,"column":24}},"3":{"start":{"line":6,"column":16},"end":{"line":6,"column":47}},"4":{"start":{"line":7,"column":0},"end":{"line":9,"column":1}},"5":{"start":{"line":8,"column":4},"end":{"line":8,"column":26}},"6":{"start":{"line":12,"column":15},"end":{"line":37,"column":2}},"7":{"start":{"line":40,"column":0},"end":{"line":53,"column":1}},"8":{"start":{"line":41,"column":4},"end":{"line":52,"column":8}},"9":{"start":{"line":45,"column":26},"end":{"line":45,"column":63}},"10":{"start":{"line":46,"column":16},"end":{"line":48,"column":17}},"11":{"start":{"line":47,"column":20},"end":{"line":47,"column":58}},"12":{"start":{"line":49,"column":16},"end":{"line":49,"column":27}},"13":{"start":{"line":56,"column":0},"end":{"line":64,"column":2}},"14":{"start":{"line":57,"column":4},"end":{"line":63,"column":7}},"15":{"start":{"line":67,"column":0},"end":{"line":72,"column":2}},"16":{"start":{"line":68,"column":4},"end":{"line":71,"column":7}},"17":{"start":{"line":74,"column":0},"end":{"line":74,"column":24}}},"fnMap":{"0":{"name":"(anonymous_0)","decl":{"start":{"line":44,"column":34},"end":{"line":44,"column":35}},"loc":{"start":{"line":44,"column":82},"end":{"line":50,"column":13}},"line":44},"1":{"name":"(anonymous_1)","decl":{"start":{"line":56,"column":20},"end":{"line":56,"column":21}},"loc":{"start":{"line":56,"column":44},"end":{"line":64,"column":1}},"line":56},"2":{"name":"(anonymous_2)","decl":{"start":{"line":67,"column":18},"end":{"line":67,"column":19}},"loc":{"start":{"line":67,"column":43},"end":{"line":72,"column":1}},"line":67}},"branchMap":{"0":{"loc":{"start":{"line":7,"column":0},"end":{"line":9,"column":1}},"type":"if","locations":[{"start":{"line":7,"column":0},"end":{"line":9,"column":1}},{"start":{},"end":{}}],"line":7},"1":{"loc":{"start":{"line":13,"column":11},"end":{"line":13,"column":42}},"type":"binary-expr","locations":[{"start":{"line":13,"column":11},"end":{"line":13,"column":32}},{"start":{"line":13,"column":36},"end":{"line":13,"column":42}}],"line":13},"2":{"loc":{"start":{"line":40,"column":0},"end":{"line":53,"column":1}},"type":"if","locations":[{"start":{"line":40,"column":0},"end":{"line":53,"column":1}},{"start":{},"end":{}}],"line":40},"3":{"loc":{"start":{"line":46,"column":16},"end":{"line":48,"column":17}},"type":"if","locations":[{"start":{"line":46,"column":16},"end":{"line":48,"column":17}},{"start":{},"end":{}}],"line":46},"4":{"loc":{"start":{"line":46,"column":20},"end":{"line":46,"column":101}},"type":"binary-expr","locations":[{"start":{"line":46,"column":20},"end":{"line":46,"column":52}},{"start":{"line":46,"column":56},"end":{"line":46,"column":101}}],"line":46},"5":{"loc":{"start":{"line":67,"column":26},"end":{"line":67,"column":38}},"type":"default-arg","locations":[{"start":{"line":67,"column":36},"end":{"line":67,"column":38}}],"line":67}},"s":{"0":1,"1":1,"2":1,"3":1,"4":1,"5":0,"6":1,"7":1,"8":1,"9":1,"10":1,"11":0,"12":1,"13":1,"14":0,"15":1,"16":0,"17":1},"f":{"0":1,"1":0,"2":0},"b":{"0":[0,1],"1":[1,1],"2":[1,0],"3":[0,1],"4":[1,1],"5":[0]},"_coverageSchema":"1a1c01bbd47fc00a2c39e90264f33305004495a9","hash":"0186bdbaf43b3c3c6ce47f21fcac2f0fa81a0f23"}
,"C:\\Users\\MAYOMBO\\Desktop\\arbre-a-palabres - Copie\\backend\\config\\socket.js": {"path":"C:\\Users\\MAYOMBO\\Desktop\\arbre-a-palabres - Copie\\backend\\config\\socket.js","statementMap":{"0":{"start":{"line":1,"column":17},"end":{"line":1,"column":37}},"1":{"start":{"line":2,"column":15},"end":{"line":2,"column":42}},"2":{"start":{"line":6,"column":25},"end":{"line":46,"column":1}},"3":{"start":{"line":7,"column":4},"end":{"line":17,"column":7}},"4":{"start":{"line":19,"column":4},"end":{"line":43,"column":7}},"5":{"start":{"line":20,"column":8},"end":{"line":20,"column":53}},"6":{"start":{"line":23,"column":8},"end":{"line":26,"column":11}},"7":{"start":{"line":24,"column":12},"end":{"line":24,"column":48}},"8":{"start":{"line":25,"column":12},"end":{"line":25,"column":78}},"9":{"start":{"line":29,"column":8},"end":{"line":32,"column":11}},"10":{"start":{"line":30,"column":12},"end":{"line":30,"column":38}},"11":{"start":{"line":31,"column":12},"end":{"line":31,"column":67}},"12":{"start":{"line":35,"column":8},"end":{"line":38,"column":11}},"13":{"start":{"line":36,"column":12},"end":{"line":36,"column":45}},"14":{"start":{"line":37,"column":12},"end":{"line":37,"column":75}},"15":{"start":{"line":40,"column":8},"end":{"line":42,"column":11}},"16":{"start":{"line":41,"column":12},"end":{"line":41,"column":59}},"17":{"start":{"line":45,"column":4},"end":{"line":45,"column":14}},"18":{"start":{"line":48,"column":14},"end":{"line":53,"column":1}},"19":{"start":{"line":49,"column":4},"end":{"line":51,"column":5}},"20":{"start":{"line":50,"column":8},"end":{"line":50,"column":54}},"21":{"start":{"line":52,"column":4},"end":{"line":52,"column":14}},"22":{"start":{"line":56,"column":26},"end":{"line":64,"column":1}},"23":{"start":{"line":57,"column":4},"end":{"line":63,"column":5}},"24":{"start":{"line":59,"column":8},"end":{"line":59,"column":77}},"25":{"start":{"line":61,"column":8},"end":{"line":61,"column":59}},"26":{"start":{"line":62,"column":8},"end":{"line":62,"column":54}},"27":{"start":{"line":66,"column":26},"end":{"line":73,"column":1}},"28":{"start":{"line":67,"column":4},"end":{"line":72,"column":5}},"29":{"start":{"line":68,"column":8},"end":{"line":68,"column":69}},"30":{"start":{"line":69,"column":8},"end":{"line":69,"column":77}},"31":{"start":{"line":70,"column":8},"end":{"line":70,"column":59}},"32":{"start":{"line":71,"column":8},"end":{"line":71,"column":60}},"33":{"start":{"line":75,"column":26},"end":{"line":82,"column":1}},"34":{"start":{"line":76,"column":4},"end":{"line":81,"column":5}},"35":{"start":{"line":77,"column":8},"end":{"line":77,"column":69}},"36":{"start":{"line":78,"column":8},"end":{"line":78,"column":72}},"37":{"start":{"line":79,"column":8},"end":{"line":79,"column":61}},"38":{"start":{"line":80,"column":8},"end":{"line":80,"column":56}},"39":{"start":{"line":84,"column":29},"end":{"line":89,"column":1}},"40":{"start":{"line":85,"column":4},"end":{"line":88,"column":5}},"41":{"start":{"line":86,"column":8},"end":{"line":86,"column":83}},"42":{"start":{"line":87,"column":8},"end":{"line":87,"column":73}},"43":{"start":{"line":91,"column":31},"end":{"line":96,"column":1}},"44":{"start":{"line":92,"column":4},"end":{"line":95,"column":5}},"45":{"start":{"line":93,"column":8},"end":{"line":93,"column":66}},"46":{"start":{"line":94,"column":8},"end":{"line":94,"column":62}},"47":{"start":{"line":98,"column":25},"end":{"line":103,"column":1}},"48":{"start":{"line":99,"column":4},"end":{"line":102,"column":5}},"49":{"start":{"line":100,"column":8},"end":{"line":100,"column":67}},"50":{"start":{"line":101,"column":8},"end":{"line":101,"column":62}},"51":{"start":{"line":105,"column":0},"end":{"line":114,"column":2}}},"fnMap":{"0":{"name":"(anonymous_0)","decl":{"start":{"line":6,"column":25},"end":{"line":6,"column":26}},"loc":{"start":{"line":6,"column":37},"end":{"line":46,"column":1}},"line":6},"1":{"name":"(anonymous_1)","decl":{"start":{"line":19,"column":24},"end":{"line":19,"column":25}},"loc":{"start":{"line":19,"column":36},"end":{"line":43,"column":5}},"line":19},"2":{"name":"(anonymous_2)","decl":{"start":{"line":23,"column":35},"end":{"line":23,"column":36}},"loc":{"start":{"line":23,"column":49},"end":{"line":26,"column":9}},"line":23},"3":{"name":"(anonymous_3)","decl":{"start":{"line":29,"column":32},"end":{"line":29,"column":33}},"loc":{"start":{"line":29,"column":38},"end":{"line":32,"column":9}},"line":29},"4":{"name":"(anonymous_4)","decl":{"start":{"line":35,"column":33},"end":{"line":35,"column":34}},"loc":{"start":{"line":35,"column":46},"end":{"line":38,"column":9}},"line":35},"5":{"name":"(anonymous_5)","decl":{"start":{"line":40,"column":32},"end":{"line":40,"column":33}},"loc":{"start":{"line":40,"column":38},"end":{"line":42,"column":9}},"line":40},"6":{"name":"(anonymous_6)","decl":{"start":{"line":48,"column":14},"end":{"line":48,"column":15}},"loc":{"start":{"line":48,"column":20},"end":{"line":53,"column":1}},"line":48},"7":{"name":"(anonymous_7)","decl":{"start":{"line":56,"column":26},"end":{"line":56,"column":27}},"loc":{"start":{"line":56,"column":38},"end":{"line":64,"column":1}},"line":56},"8":{"name":"(anonymous_8)","decl":{"start":{"line":66,"column":26},"end":{"line":66,"column":27}},"loc":{"start":{"line":66,"column":38},"end":{"line":73,"column":1}},"line":66},"9":{"name":"(anonymous_9)","decl":{"start":{"line":75,"column":26},"end":{"line":75,"column":27}},"loc":{"start":{"line":75,"column":51},"end":{"line":82,"column":1}},"line":75},"10":{"name":"(anonymous_10)","decl":{"start":{"line":84,"column":29},"end":{"line":84,"column":30}},"loc":{"start":{"line":84,"column":58},"end":{"line":89,"column":1}},"line":84},"11":{"name":"(anonymous_11)","decl":{"start":{"line":91,"column":31},"end":{"line":91,"column":32}},"loc":{"start":{"line":91,"column":45},"end":{"line":96,"column":1}},"line":91},"12":{"name":"(anonymous_12)","decl":{"start":{"line":98,"column":25},"end":{"line":98,"column":26}},"loc":{"start":{"line":98,"column":51},"end":{"line":103,"column":1}},"line":98}},"branchMap":{"0":{"loc":{"start":{"line":49,"column":4},"end":{"line":51,"column":5}},"type":"if","locations":[{"start":{"line":49,"column":4},"end":{"line":51,"column":5}},{"start":{},"end":{}}],"line":49},"1":{"loc":{"start":{"line":57,"column":4},"end":{"line":63,"column":5}},"type":"if","locations":[{"start":{"line":57,"column":4},"end":{"line":63,"column":5}},{"start":{},"end":{}}],"line":57},"2":{"loc":{"start":{"line":67,"column":4},"end":{"line":72,"column":5}},"type":"if","locations":[{"start":{"line":67,"column":4},"end":{"line":72,"column":5}},{"start":{},"end":{}}],"line":67},"3":{"loc":{"start":{"line":76,"column":4},"end":{"line":81,"column":5}},"type":"if","locations":[{"start":{"line":76,"column":4},"end":{"line":81,"column":5}},{"start":{},"end":{}}],"line":76},"4":{"loc":{"start":{"line":85,"column":4},"end":{"line":88,"column":5}},"type":"if","locations":[{"start":{"line":85,"column":4},"end":{"line":88,"column":5}},{"start":{},"end":{}}],"line":85},"5":{"loc":{"start":{"line":92,"column":4},"end":{"line":95,"column":5}},"type":"if","locations":[{"start":{"line":92,"column":4},"end":{"line":95,"column":5}},{"start":{},"end":{}}],"line":92},"6":{"loc":{"start":{"line":99,"column":4},"end":{"line":102,"column":5}},"type":"if","locations":[{"start":{"line":99,"column":4},"end":{"line":102,"column":5}},{"start":{},"end":{}}],"line":99}},"s":{"0":1,"1":1,"2":1,"3":0,"4":0,"5":0,"6":0,"7":0,"8":0,"9":0,"10":0,"11":0,"12":0,"13":0,"14":0,"15":0,"16":0,"17":0,"18":1,"19":0,"20":0,"21":0,"22":1,"23":0,"24":0,"25":0,"26":0,"27":1,"28":0,"29":0,"30":0,"31":0,"32":0,"33":1,"34":0,"35":0,"36":0,"37":0,"38":0,"39":1,"40":0,"41":0,"42":0,"43":1,"44":0,"45":0,"46":0,"47":1,"48":0,"49":0,"50":0,"51":1},"f":{"0":0,"1":0,"2":0,"3":0,"4":0,"5":0,"6":0,"7":0,"8":0,"9":0,"10":0,"11":0,"12":0},"b":{"0":[0,0],"1":[0,0],"2":[0,0],"3":[0,0],"4":[0,0],"5":[0,0],"6":[0,0]},"_coverageSchema":"1a1c01bbd47fc00a2c39e90264f33305004495a9","hash":"9a1ebf3fec570797b934acd3886eb2cfbd4bf087"}
,"C:\\Users\\MAYOMBO\\Desktop\\arbre-a-palabres - Copie\\backend\\controllers\\authController.js": {"path":"C:\\Users\\MAYOMBO\\Desktop\\arbre-a-palabres - Copie\\backend\\controllers\\authController.js","statementMap":{"0":{"start":{"line":1,"column":13},"end":{"line":1,"column":38}},"1":{"start":{"line":2,"column":12},"end":{"line":2,"column":35}},"2":{"start":{"line":3,"column":15},"end":{"line":3,"column":34}},"3":{"start":{"line":6,"column":22},"end":{"line":10,"column":1}},"4":{"start":{"line":7,"column":4},"end":{"line":9,"column":7}},"5":{"start":{"line":15,"column":0},"end":{"line":54,"column":2}},"6":{"start":{"line":16,"column":4},"end":{"line":53,"column":5}},"7":{"start":{"line":17,"column":86},"end":{"line":17,"column":94}},"8":{"start":{"line":20,"column":27},"end":{"line":20,"column":56}},"9":{"start":{"line":22,"column":8},"end":{"line":24,"column":9}},"10":{"start":{"line":23,"column":12},"end":{"line":23,"column":96}},"11":{"start":{"line":27,"column":21},"end":{"line":35,"column":10}},"12":{"start":{"line":37,"column":8},"end":{"line":49,"column":9}},"13":{"start":{"line":38,"column":12},"end":{"line":46,"column":15}},"14":{"start":{"line":48,"column":12},"end":{"line":48,"column":77}},"15":{"start":{"line":51,"column":8},"end":{"line":51,"column":29}},"16":{"start":{"line":52,"column":8},"end":{"line":52,"column":81}},"17":{"start":{"line":59,"column":0},"end":{"line":83,"column":2}},"18":{"start":{"line":60,"column":4},"end":{"line":82,"column":5}},"19":{"start":{"line":61,"column":36},"end":{"line":61,"column":44}},"20":{"start":{"line":64,"column":21},"end":{"line":64,"column":70}},"21":{"start":{"line":66,"column":8},"end":{"line":78,"column":9}},"22":{"start":{"line":67,"column":12},"end":{"line":75,"column":15}},"23":{"start":{"line":77,"column":12},"end":{"line":77,"column":79}},"24":{"start":{"line":80,"column":8},"end":{"line":80,"column":29}},"25":{"start":{"line":81,"column":8},"end":{"line":81,"column":79}},"26":{"start":{"line":88,"column":0},"end":{"line":110,"column":2}},"27":{"start":{"line":89,"column":4},"end":{"line":109,"column":5}},"28":{"start":{"line":90,"column":21},"end":{"line":90,"column":54}},"29":{"start":{"line":92,"column":8},"end":{"line":105,"column":9}},"30":{"start":{"line":93,"column":12},"end":{"line":102,"column":15}},"31":{"start":{"line":104,"column":12},"end":{"line":104,"column":70}},"32":{"start":{"line":107,"column":8},"end":{"line":107,"column":29}},"33":{"start":{"line":108,"column":8},"end":{"line":108,"column":58}}},"fnMap":{"0":{"name":"(anonymous_0)","decl":{"start":{"line":6,"column":22},"end":{"line":6,"column":23}},"loc":{"start":{"line":6,"column":30},"end":{"line":10,"column":1}},"line":6},"1":{"name":"(anonymous_1)","decl":{"start":{"line":15,"column":19},"end":{"line":15,"column":20}},"loc":{"start":{"line":15,"column":39},"end":{"line":54,"column":1}},"line":15},"2":{"name":"(anonymous_2)","decl":{"start":{"line":59,"column":16},"end":{"line":59,"column":17}},"loc":{"start":{"line":59,"column":36},"end":{"line":83,"column":1}},"line":59},"3":{"name":"(anonymous_3)","decl":{"start":{"line":88,"column":16},"end":{"line":88,"column":17}},"loc":{"start":{"line":88,"column":36},"end":{"line":110,"column":1}},"line":88}},"branchMap":{"0":{"loc":{"start":{"line":22,"column":8},"end":{"line":24,"column":9}},"type":"if","locations":[{"start":{"line":22,"column":8},"end":{"line":24,"column":9}},{"start":{},"end":{}}],"line":22},"1":{"loc":{"start":{"line":32,"column":18},"end":{"line":32,"column":38}},"type":"binary-expr","locations":[{"start":{"line":32,"column":18},"end":{"line":32,"column":22}},{"start":{"line":32,"column":26},"end":{"line":32,"column":38}}],"line":32},"2":{"loc":{"start":{"line":37,"column":8},"end":{"line":49,"column":9}},"type":"if","locations":[{"start":{"line":37,"column":8},"end":{"line":49,"column":9}},{"start":{"line":47,"column":15},"end":{"line":49,"column":9}}],"line":37},"3":{"loc":{"start":{"line":66,"column":8},"end":{"line":78,"column":9}},"type":"if","locations":[{"start":{"line":66,"column":8},"end":{"line":78,"column":9}},{"start":{"line":76,"column":15},"end":{"line":78,"column":9}}],"line":66},"4":{"loc":{"start":{"line":66,"column":12},"end":{"line":66,"column":56}},"type":"binary-expr","locations":[{"start":{"line":66,"column":12},"end":{"line":66,"column":16}},{"start":{"line":66,"column":21},"end":{"line":66,"column":55}}],"line":66},"5":{"loc":{"start":{"line":92,"column":8},"end":{"line":105,"column":9}},"type":"if","locations":[{"start":{"line":92,"column":8},"end":{"line":105,"column":9}},{"start":{"line":103,"column":15},"end":{"line":105,"column":9}}],"line":92}},"s":{"0":1,"1":1,"2":1,"3":1,"4":0,"5":1,"6":0,"7":0,"8":0,"9":0,"10":0,"11":0,"12":0,"13":0,"14":0,"15":0,"16":0,"17":1,"18":0,"19":0,"20":0,"21":0,"22":0,"23":0,"24":0,"25":0,"26":1,"27":0,"28":0,"29":0,"30":0,"31":0,"32":0,"33":0},"f":{"0":0,"1":0,"2":0,"3":0},"b":{"0":[0,0],"1":[0,0],"2":[0,0],"3":[0,0],"4":[0,0],"5":[0,0]},"_coverageSchema":"1a1c01bbd47fc00a2c39e90264f33305004495a9","hash":"b6bd0dfcf58b8449fae1b91324a7d8f9d2c937f1"}
,"C:\\Users\\MAYOMBO\\Desktop\\arbre-a-palabres - Copie\\backend\\middleware\\auth.js": {"path":"C:\\Users\\MAYOMBO\\Desktop\\arbre-a-palabres - Copie\\backend\\middleware\\auth.js","statementMap":{"0":{"start":{"line":1,"column":12},"end":{"line":1,"column":35}},"1":{"start":{"line":2,"column":13},"end":{"line":2,"column":38}},"2":{"start":{"line":7,"column":16},"end":{"line":35,"column":1}},"3":{"start":{"line":10,"column":2},"end":{"line":28,"column":3}},"4":{"start":{"line":11,"column":4},"end":{"line":27,"column":5}},"5":{"start":{"line":13,"column":6},"end":{"line":13,"column":54}},"6":{"start":{"line":16,"column":22},"end":{"line":16,"column":63}},"7":{"start":{"line":19,"column":6},"end":{"line":19,"column":69}},"8":{"start":{"line":21,"column":6},"end":{"line":21,"column":13}},"9":{"start":{"line":23,"column":6},"end":{"line":23,"column":43}},"10":{"start":{"line":24,"column":6},"end":{"line":26,"column":9}},"11":{"start":{"line":30,"column":2},"end":{"line":34,"column":3}},"12":{"start":{"line":31,"column":4},"end":{"line":33,"column":7}},"13":{"start":{"line":38,"column":14},"end":{"line":46,"column":1}},"14":{"start":{"line":39,"column":2},"end":{"line":45,"column":3}},"15":{"start":{"line":40,"column":4},"end":{"line":40,"column":11}},"16":{"start":{"line":42,"column":4},"end":{"line":44,"column":7}},"17":{"start":{"line":48,"column":0},"end":{"line":48,"column":36}}},"fnMap":{"0":{"name":"(anonymous_0)","decl":{"start":{"line":7,"column":16},"end":{"line":7,"column":17}},"loc":{"start":{"line":7,"column":42},"end":{"line":35,"column":1}},"line":7},"1":{"name":"(anonymous_1)","decl":{"start":{"line":38,"column":14},"end":{"line":38,"column":15}},"loc":{"start":{"line":38,"column":34},"end":{"line":46,"column":1}},"line":38}},"branchMap":{"0":{"loc":{"start":{"line":10,"column":2},"end":{"line":28,"column":3}},"type":"if","locations":[{"start":{"line":10,"column":2},"end":{"line":28,"column":3}},{"start":{},"end":{}}],"line":10},"1":{"loc":{"start":{"line":10,"column":6},"end":{"line":10,"column":81}},"type":"binary-expr","locations":[{"start":{"line":10,"column":6},"end":{"line":10,"column":31}},{"start":{"line":10,"column":35},"end":{"line":10,"column":81}}],"line":10},"2":{"loc":{"start":{"line":30,"column":2},"end":{"line":34,"column":3}},"type":"if","locations":[{"start":{"line":30,"column":2},"end":{"line":34,"column":3}},{"start":{},"end":{}}],"line":30},"3":{"loc":{"start":{"line":39,"column":2},"end":{"line":45,"column":3}},"type":"if","locations":[{"start":{"line":39,"column":2},"end":{"line":45,"column":3}},{"start":{"line":41,"column":9},"end":{"line":45,"column":3}}],"line":39},"4":{"loc":{"start":{"line":39,"column":6},"end":{"line":39,"column":43}},"type":"binary-expr","locations":[{"start":{"line":39,"column":6},"end":{"line":39,"column":14}},{"start":{"line":39,"column":18},"end":{"line":39,"column":43}}],"line":39}},"s":{"0":1,"1":1,"2":1,"3":0,"4":0,"5":0,"6":0,"7":0,"8":0,"9":0,"10":0,"11":0,"12":0,"13":1,"14":0,"15":0,"16":0,"17":1},"f":{"0":0,"1":0},"b":{"0":[0,0],"1":[0,0],"2":[0,0],"3":[0,0],"4":[0,0]},"_coverageSchema":"1a1c01bbd47fc00a2c39e90264f33305004495a9","hash":"e34ca09325d23fa105c856150c77ff062838987f"}
,"C:\\Users\\MAYOMBO\\Desktop\\arbre-a-palabres - Copie\\backend\\middleware\\errorHandler.js": {"path":"C:\\Users\\MAYOMBO\\Desktop\\arbre-a-palabres - Copie\\backend\\middleware\\errorHandler.js","statementMap":{"0":{"start":{"line":1,"column":15},"end":{"line":1,"column":42}},"1":{"start":{"line":3,"column":21},"end":{"line":94,"column":1}},"2":{"start":{"line":5,"column":4},"end":{"line":10,"column":7}},"3":{"start":{"line":13,"column":4},"end":{"line":20,"column":5}},"4":{"start":{"line":14,"column":23},"end":{"line":14,"column":68}},"5":{"start":{"line":14,"column":58},"end":{"line":14,"column":67}},"6":{"start":{"line":15,"column":8},"end":{"line":19,"column":11}},"7":{"start":{"line":23,"column":4},"end":{"line":29,"column":5}},"8":{"start":{"line":24,"column":8},"end":{"line":28,"column":11}},"9":{"start":{"line":32,"column":4},"end":{"line":39,"column":5}},"10":{"start":{"line":33,"column":22},"end":{"line":33,"column":52}},"11":{"start":{"line":34,"column":8},"end":{"line":38,"column":11}},"12":{"start":{"line":42,"column":4},"end":{"line":47,"column":5}},"13":{"start":{"line":43,"column":8},"end":{"line":46,"column":11}},"14":{"start":{"line":49,"column":4},"end":{"line":54,"column":5}},"15":{"start":{"line":50,"column":8},"end":{"line":53,"column":11}},"16":{"start":{"line":57,"column":4},"end":{"line":74,"column":5}},"17":{"start":{"line":58,"column":8},"end":{"line":63,"column":9}},"18":{"start":{"line":59,"column":12},"end":{"line":62,"column":15}},"19":{"start":{"line":64,"column":8},"end":{"line":69,"column":9}},"20":{"start":{"line":65,"column":12},"end":{"line":68,"column":15}},"21":{"start":{"line":70,"column":8},"end":{"line":73,"column":11}},"22":{"start":{"line":77,"column":23},"end":{"line":77,"column":58}},"23":{"start":{"line":78,"column":20},"end":{"line":78,"column":59}},"24":{"start":{"line":81,"column":4},"end":{"line":86,"column":5}},"25":{"start":{"line":82,"column":8},"end":{"line":85,"column":11}},"26":{"start":{"line":89,"column":4},"end":{"line":93,"column":7}},"27":{"start":{"line":96,"column":0},"end":{"line":96,"column":30}}},"fnMap":{"0":{"name":"(anonymous_0)","decl":{"start":{"line":3,"column":21},"end":{"line":3,"column":22}},"loc":{"start":{"line":3,"column":46},"end":{"line":94,"column":1}},"line":3},"1":{"name":"(anonymous_1)","decl":{"start":{"line":14,"column":53},"end":{"line":14,"column":54}},"loc":{"start":{"line":14,"column":58},"end":{"line":14,"column":67}},"line":14}},"branchMap":{"0":{"loc":{"start":{"line":13,"column":4},"end":{"line":20,"column":5}},"type":"if","locations":[{"start":{"line":13,"column":4},"end":{"line":20,"column":5}},{"start":{},"end":{}}],"line":13},"1":{"loc":{"start":{"line":23,"column":4},"end":{"line":29,"column":5}},"type":"if","locations":[{"start":{"line":23,"column":4},"end":{"line":29,"column":5}},{"start":{},"end":{}}],"line":23},"2":{"loc":{"start":{"line":32,"column":4},"end":{"line":39,"column":5}},"type":"if","locations":[{"start":{"line":32,"column":4},"end":{"line":39,"column":5}},{"start":{},"end":{}}],"line":32},"3":{"loc":{"start":{"line":42,"column":4},"end":{"line":47,"column":5}},"type":"if","locations":[{"start":{"line":42,"column":4},"end":{"line":47,"column":5}},{"start":{},"end":{}}],"line":42},"4":{"loc":{"start":{"line":49,"column":4},"end":{"line":54,"column":5}},"type":"if","locations":[{"start":{"line":49,"column":4},"end":{"line":54,"column":5}},{"start":{},"end":{}}],"line":49},"5":{"loc":{"start":{"line":57,"column":4},"end":{"line":74,"column":5}},"type":"if","locations":[{"start":{"line":57,"column":4},"end":{"line":74,"column":5}},{"start":{},"end":{}}],"line":57},"6":{"loc":{"start":{"line":58,"column":8},"end":{"line":63,"column":9}},"type":"if","locations":[{"start":{"line":58,"column":8},"end":{"line":63,"column":9}},{"start":{},"end":{}}],"line":58},"7":{"loc":{"start":{"line":64,"column":8},"end":{"line":69,"column":9}},"type":"if","locations":[{"start":{"line":64,"column":8},"end":{"line":69,"column":9}},{"start":{},"end":{}}],"line":64},"8":{"loc":{"start":{"line":77,"column":23},"end":{"line":77,"column":58}},"type":"binary-expr","locations":[{"start":{"line":77,"column":23},"end":{"line":77,"column":33}},{"start":{"line":77,"column":37},"end":{"line":77,"column":51}},{"start":{"line":77,"column":55},"end":{"line":77,"column":58}}],"line":77},"9":{"loc":{"start":{"line":78,"column":20},"end":{"line":78,"column":59}},"type":"binary-expr","locations":[{"start":{"line":78,"column":20},"end":{"line":78,"column":31}},{"start":{"line":78,"column":35},"end":{"line":78,"column":59}}],"line":78},"10":{"loc":{"start":{"line":81,"column":4},"end":{"line":86,"column":5}},"type":"if","locations":[{"start":{"line":81,"column":4},"end":{"line":86,"column":5}},{"start":{},"end":{}}],"line":81},"11":{"loc":{"start":{"line":84,"column":19},"end":{"line":84,"column":75}},"type":"cond-expr","locations":[{"start":{"line":84,"column":40},"end":{"line":84,"column":65}},{"start":{"line":84,"column":68},"end":{"line":84,"column":75}}],"line":84}},"s":{"0":1,"1":1,"2":0,"3":0,"4":0,"5":0,"6":0,"7":0,"8":0,"9":0,"10":0,"11":0,"12":0,"13":0,"14":0,"15":0,"16":0,"17":0,"18":0,"19":0,"20":0,"21":0,"22":0,"23":0,"24":0,"25":0,"26":0,"27":1},"f":{"0":0,"1":0},"b":{"0":[0,0],"1":[0,0],"2":[0,0],"3":[0,0],"4":[0,0],"5":[0,0],"6":[0,0],"7":[0,0],"8":[0,0,0],"9":[0,0],"10":[0,0],"11":[0,0]},"_coverageSchema":"1a1c01bbd47fc00a2c39e90264f33305004495a9","hash":"5cf83591f5bd0de4eb8b38740e459548733860e7"}
,"C:\\Users\\MAYOMBO\\Desktop\\arbre-a-palabres - Copie\\backend\\models\\Candidat.js": {"path":"C:\\Users\\MAYOMBO\\Desktop\\arbre-a-palabres - Copie\\backend\\models\\Candidat.js","statementMap":{"0":{"start":{"line":1,"column":17},"end":{"line":1,"column":36}},"1":{"start":{"line":2,"column":18},"end":{"line":2,"column":38}},"2":{"start":{"line":7,"column":23},"end":{"line":71,"column":2}},"3":{"start":{"line":74,"column":0},"end":{"line":74,"column":63}},"4":{"start":{"line":75,"column":0},"end":{"line":75,"column":41}},"5":{"start":{"line":76,"column":0},"end":{"line":76,"column":42}},"6":{"start":{"line":77,"column":0},"end":{"line":77,"column":53}},"7":{"start":{"line":78,"column":0},"end":{"line":78,"column":57}},"8":{"start":{"line":81,"column":0},"end":{"line":95,"column":3}},"9":{"start":{"line":82,"column":2},"end":{"line":93,"column":3}},"10":{"start":{"line":83,"column":18},"end":{"line":83,"column":28}},"11":{"start":{"line":84,"column":22},"end":{"line":84,"column":50}},"12":{"start":{"line":85,"column":14},"end":{"line":85,"column":59}},"13":{"start":{"line":86,"column":22},"end":{"line":86,"column":61}},"14":{"start":{"line":88,"column":4},"end":{"line":90,"column":5}},"15":{"start":{"line":89,"column":6},"end":{"line":89,"column":12}},"16":{"start":{"line":92,"column":4},"end":{"line":92,"column":19}},"17":{"start":{"line":94,"column":2},"end":{"line":94,"column":9}},"18":{"start":{"line":98,"column":0},"end":{"line":103,"column":2}},"19":{"start":{"line":99,"column":2},"end":{"line":102,"column":40}},"20":{"start":{"line":106,"column":0},"end":{"line":108,"column":2}},"21":{"start":{"line":107,"column":2},"end":{"line":107,"column":52}},"22":{"start":{"line":110,"column":0},"end":{"line":110,"column":60}}},"fnMap":{"0":{"name":"(anonymous_0)","decl":{"start":{"line":81,"column":27},"end":{"line":81,"column":28}},"loc":{"start":{"line":81,"column":43},"end":{"line":95,"column":1}},"line":81},"1":{"name":"(anonymous_1)","decl":{"start":{"line":98,"column":37},"end":{"line":98,"column":38}},"loc":{"start":{"line":98,"column":49},"end":{"line":103,"column":1}},"line":98},"2":{"name":"(anonymous_2)","decl":{"start":{"line":106,"column":43},"end":{"line":106,"column":44}},"loc":{"start":{"line":106,"column":55},"end":{"line":108,"column":1}},"line":106}},"branchMap":{"0":{"loc":{"start":{"line":82,"column":2},"end":{"line":93,"column":3}},"type":"if","locations":[{"start":{"line":82,"column":2},"end":{"line":93,"column":3}},{"start":{},"end":{}}],"line":82},"1":{"loc":{"start":{"line":88,"column":4},"end":{"line":90,"column":5}},"type":"if","locations":[{"start":{"line":88,"column":4},"end":{"line":90,"column":5}},{"start":{},"end":{}}],"line":88},"2":{"loc":{"start":{"line":88,"column":8},"end":{"line":88,"column":83}},"type":"binary-expr","locations":[{"start":{"line":88,"column":8},"end":{"line":88,"column":21}},{"start":{"line":88,"column":26},"end":{"line":88,"column":41}},{"start":{"line":88,"column":45},"end":{"line":88,"column":82}}],"line":88},"3":{"loc":{"start":{"line":99,"column":9},"end":{"line":102,"column":39}},"type":"binary-expr","locations":[{"start":{"line":99,"column":9},"end":{"line":99,"column":23}},{"start":{"line":100,"column":4},"end":{"line":100,"column":18}},{"start":{"line":101,"column":4},"end":{"line":101,"column":45}},{"start":{"line":102,"column":4},"end":{"line":102,"column":39}}],"line":99}},"s":{"0":1,"1":1,"2":1,"3":1,"4":1,"5":1,"6":1,"7":1,"8":1,"9":0,"10":0,"11":0,"12":0,"13":0,"14":0,"15":0,"16":0,"17":0,"18":1,"19":0,"20":1,"21":0,"22":1},"f":{"0":0,"1":0,"2":0},"b":{"0":[0,0],"1":[0,0],"2":[0,0,0],"3":[0,0,0,0]},"_coverageSchema":"1a1c01bbd47fc00a2c39e90264f33305004495a9","hash":"11a101cf4dc886d650f3092bed459d095a7de5b7"}
,"C:\\Users\\MAYOMBO\\Desktop\\arbre-a-palabres - Copie\\backend\\models\\Debat.js": {"path":"C:\\Users\\MAYOMBO\\Desktop\\arbre-a-palabres - Copie\\backend\\models\\Debat.js","statementMap":{"0":{"start":{"line":1,"column":17},"end":{"line":1,"column":36}},"1":{"start":{"line":4,"column":31},"end":{"line":26,"column":18}},"2":{"start":{"line":29,"column":20},"end":{"line":107,"column":2}},"3":{"start":{"line":44,"column":8},"end":{"line":44,"column":41}},"4":{"start":{"line":110,"column":0},"end":{"line":110,"column":49}},"5":{"start":{"line":111,"column":0},"end":{"line":111,"column":43}},"6":{"start":{"line":112,"column":0},"end":{"line":112,"column":36}},"7":{"start":{"line":113,"column":0},"end":{"line":113,"column":53}},"8":{"start":{"line":116,"column":0},"end":{"line":119,"column":2}},"9":{"start":{"line":117,"column":2},"end":{"line":118,"column":44}},"10":{"start":{"line":122,"column":0},"end":{"line":134,"column":2}},"11":{"start":{"line":123,"column":2},"end":{"line":123,"column":57}},"12":{"start":{"line":123,"column":45},"end":{"line":123,"column":57}},"13":{"start":{"line":126,"column":25},"end":{"line":131,"column":7}},"14":{"start":{"line":127,"column":20},"end":{"line":127,"column":49}},"15":{"start":{"line":128,"column":28},"end":{"line":131,"column":5}},"16":{"start":{"line":133,"column":2},"end":{"line":133,"column":24}},"17":{"start":{"line":137,"column":0},"end":{"line":158,"column":3}},"18":{"start":{"line":139,"column":2},"end":{"line":149,"column":3}},"19":{"start":{"line":143,"column":4},"end":{"line":148,"column":5}},"20":{"start":{"line":147,"column":6},"end":{"line":147,"column":174}},"21":{"start":{"line":152,"column":26},"end":{"line":152,"column":71}},"22":{"start":{"line":157,"column":2},"end":{"line":157,"column":9}},"23":{"start":{"line":160,"column":0},"end":{"line":160,"column":54}}},"fnMap":{"0":{"name":"(anonymous_0)","decl":{"start":{"line":42,"column":17},"end":{"line":42,"column":18}},"loc":{"start":{"line":42,"column":40},"end":{"line":45,"column":7}},"line":42},"1":{"name":"(anonymous_1)","decl":{"start":{"line":116,"column":35},"end":{"line":116,"column":36}},"loc":{"start":{"line":116,"column":46},"end":{"line":119,"column":1}},"line":116},"2":{"name":"(anonymous_2)","decl":{"start":{"line":122,"column":41},"end":{"line":122,"column":42}},"loc":{"start":{"line":122,"column":52},"end":{"line":134,"column":1}},"line":122},"3":{"name":"(anonymous_3)","decl":{"start":{"line":127,"column":10},"end":{"line":127,"column":11}},"loc":{"start":{"line":127,"column":20},"end":{"line":127,"column":49}},"line":127},"4":{"name":"(anonymous_4)","decl":{"start":{"line":128,"column":9},"end":{"line":128,"column":10}},"loc":{"start":{"line":128,"column":28},"end":{"line":131,"column":5}},"line":128},"5":{"name":"(anonymous_5)","decl":{"start":{"line":137,"column":24},"end":{"line":137,"column":25}},"loc":{"start":{"line":137,"column":39},"end":{"line":158,"column":1}},"line":137}},"branchMap":{"0":{"loc":{"start":{"line":117,"column":9},"end":{"line":118,"column":43}},"type":"binary-expr","locations":[{"start":{"line":117,"column":9},"end":{"line":117,"column":37}},{"start":{"line":118,"column":9},"end":{"line":118,"column":43}}],"line":117},"1":{"loc":{"start":{"line":123,"column":2},"end":{"line":123,"column":57}},"type":"if","locations":[{"start":{"line":123,"column":2},"end":{"line":123,"column":57}},{"start":{},"end":{}}],"line":123},"2":{"loc":{"start":{"line":139,"column":2},"end":{"line":149,"column":3}},"type":"if","locations":[{"start":{"line":139,"column":2},"end":{"line":149,"column":3}},{"start":{},"end":{}}],"line":139},"3":{"loc":{"start":{"line":139,"column":6},"end":{"line":140,"column":39}},"type":"binary-expr","locations":[{"start":{"line":139,"column":6},"end":{"line":139,"column":40}},{"start":{"line":140,"column":6},"end":{"line":140,"column":39}}],"line":139},"4":{"loc":{"start":{"line":143,"column":4},"end":{"line":148,"column":5}},"type":"if","locations":[{"start":{"line":143,"column":4},"end":{"line":148,"column":5}},{"start":{},"end":{}}],"line":143}},"s":{"0":1,"1":1,"2":1,"3":0,"4":1,"5":1,"6":1,"7":1,"8":1,"9":0,"10":1,"11":0,"12":0,"13":0,"14":0,"15":0,"16":0,"17":1,"18":0,"19":0,"20":0,"21":0,"22":0,"23":1},"f":{"0":0,"1":0,"2":0,"3":0,"4":0,"5":0},"b":{"0":[0,0],"1":[0,0],"2":[0,0],"3":[0,0],"4":[0,0]},"_coverageSchema":"1a1c01bbd47fc00a2c39e90264f33305004495a9","hash":"7557e5ad21ccfff1b28a48020c91a79e63fd9dbf"}
,"C:\\Users\\MAYOMBO\\Desktop\\arbre-a-palabres - Copie\\backend\\models\\Transaction.js": {"path":"C:\\Users\\MAYOMBO\\Desktop\\arbre-a-palabres - Copie\\backend\\models\\Transaction.js","statementMap":{"0":{"start":{"line":1,"column":17},"end":{"line":1,"column":36}},"1":{"start":{"line":2,"column":15},"end":{"line":2,"column":32}},"2":{"start":{"line":4,"column":26},"end":{"line":85,"column":2}},"3":{"start":{"line":88,"column":0},"end":{"line":101,"column":3}},"4":{"start":{"line":89,"column":2},"end":{"line":99,"column":3}},"5":{"start":{"line":90,"column":19},"end":{"line":91,"column":67}},"6":{"start":{"line":94,"column":25},"end":{"line":94,"column":62}},"7":{"start":{"line":98,"column":4},"end":{"line":98,"column":77}},"8":{"start":{"line":100,"column":2},"end":{"line":100,"column":9}},"9":{"start":{"line":104,"column":0},"end":{"line":106,"column":2}},"10":{"start":{"line":105,"column":2},"end":{"line":105,"column":38}},"11":{"start":{"line":109,"column":0},"end":{"line":111,"column":2}},"12":{"start":{"line":110,"column":2},"end":{"line":110,"column":66}},"13":{"start":{"line":113,"column":0},"end":{"line":113,"column":66}}},"fnMap":{"0":{"name":"(anonymous_0)","decl":{"start":{"line":88,"column":30},"end":{"line":88,"column":31}},"loc":{"start":{"line":88,"column":51},"end":{"line":101,"column":1}},"line":88},"1":{"name":"(anonymous_1)","decl":{"start":{"line":104,"column":40},"end":{"line":104,"column":41}},"loc":{"start":{"line":104,"column":51},"end":{"line":106,"column":1}},"line":104},"2":{"name":"(anonymous_2)","decl":{"start":{"line":109,"column":40},"end":{"line":109,"column":41}},"loc":{"start":{"line":109,"column":51},"end":{"line":111,"column":1}},"line":109}},"branchMap":{"0":{"loc":{"start":{"line":89,"column":2},"end":{"line":99,"column":3}},"type":"if","locations":[{"start":{"line":89,"column":2},"end":{"line":99,"column":3}},{"start":{},"end":{}}],"line":89},"1":{"loc":{"start":{"line":89,"column":6},"end":{"line":89,"column":35}},"type":"binary-expr","locations":[{"start":{"line":89,"column":6},"end":{"line":89,"column":16}},{"start":{"line":89,"column":20},"end":{"line":89,"column":35}}],"line":89},"2":{"loc":{"start":{"line":90,"column":19},"end":{"line":91,"column":67}},"type":"cond-expr","locations":[{"start":{"line":90,"column":45},"end":{"line":90,"column":50}},{"start":{"line":91,"column":18},"end":{"line":91,"column":67}}],"line":90},"3":{"loc":{"start":{"line":91,"column":18},"end":{"line":91,"column":67}},"type":"cond-expr","locations":[{"start":{"line":91,"column":54},"end":{"line":91,"column":59}},{"start":{"line":91,"column":62},"end":{"line":91,"column":67}}],"line":91},"4":{"loc":{"start":{"line":110,"column":9},"end":{"line":110,"column":65}},"type":"binary-expr","locations":[{"start":{"line":110,"column":9},"end":{"line":110,"column":36}},{"start":{"line":110,"column":40},"end":{"line":110,"column":65}}],"line":110}},"s":{"0":1,"1":1,"2":1,"3":1,"4":0,"5":0,"6":0,"7":0,"8":0,"9":1,"10":0,"11":1,"12":0,"13":1},"f":{"0":0,"1":0,"2":0},"b":{"0":[0,0],"1":[0,0],"2":[0,0],"3":[0,0],"4":[0,0]},"_coverageSchema":"1a1c01bbd47fc00a2c39e90264f33305004495a9","hash":"e152bdd985fdf24a619aaa8acc1740bc4bbebcd3"}
,"C:\\Users\\MAYOMBO\\Desktop\\arbre-a-palabres - Copie\\backend\\models\\Trophee.js": {"path":"C:\\Users\\MAYOMBO\\Desktop\\arbre-a-palabres - Copie\\backend\\models\\Trophee.js","statementMap":{"0":{"start":{"line":1,"column":17},"end":{"line":1,"column":36}},"1":{"start":{"line":4,"column":37},"end":{"line":27,"column":2}},"2":{"start":{"line":29,"column":22},"end":{"line":90,"column":2}},"3":{"start":{"line":93,"column":0},"end":{"line":102,"column":3}},"4":{"start":{"line":94,"column":2},"end":{"line":100,"column":3}},"5":{"start":{"line":95,"column":4},"end":{"line":99,"column":5}},"6":{"start":{"line":96,"column":6},"end":{"line":96,"column":87}},"7":{"start":{"line":97,"column":11},"end":{"line":99,"column":5}},"8":{"start":{"line":98,"column":6},"end":{"line":98,"column":90}},"9":{"start":{"line":101,"column":2},"end":{"line":101,"column":9}},"10":{"start":{"line":105,"column":0},"end":{"line":121,"column":2}},"11":{"start":{"line":106,"column":2},"end":{"line":108,"column":3}},"12":{"start":{"line":107,"column":4},"end":{"line":107,"column":56}},"13":{"start":{"line":111,"column":2},"end":{"line":115,"column":5}},"14":{"start":{"line":117,"column":2},"end":{"line":117,"column":40}},"15":{"start":{"line":118,"column":2},"end":{"line":118,"column":27}},"16":{"start":{"line":119,"column":2},"end":{"line":119,"column":46}},"17":{"start":{"line":120,"column":2},"end":{"line":120,"column":31}},"18":{"start":{"line":124,"column":0},"end":{"line":146,"column":2}},"19":{"start":{"line":125,"column":2},"end":{"line":127,"column":3}},"20":{"start":{"line":126,"column":4},"end":{"line":126,"column":67}},"21":{"start":{"line":130,"column":2},"end":{"line":142,"column":3}},"22":{"start":{"line":131,"column":32},"end":{"line":131,"column":103}},"23":{"start":{"line":134,"column":22},"end":{"line":134,"column":32}},"24":{"start":{"line":135,"column":28},"end":{"line":135,"column":64}},"25":{"start":{"line":136,"column":21},"end":{"line":136,"column":78}},"26":{"start":{"line":137,"column":21},"end":{"line":137,"column":64}},"27":{"start":{"line":139,"column":4},"end":{"line":139,"column":47}},"28":{"start":{"line":140,"column":4},"end":{"line":140,"column":46}},"29":{"start":{"line":141,"column":4},"end":{"line":141,"column":52}},"30":{"start":{"line":144,"column":2},"end":{"line":144,"column":34}},"31":{"start":{"line":145,"column":2},"end":{"line":145,"column":29}},"32":{"start":{"line":148,"column":0},"end":{"line":148,"column":58}}},"fnMap":{"0":{"name":"(anonymous_0)","decl":{"start":{"line":93,"column":26},"end":{"line":93,"column":27}},"loc":{"start":{"line":93,"column":41},"end":{"line":102,"column":1}},"line":93},"1":{"name":"(anonymous_1)","decl":{"start":{"line":105,"column":34},"end":{"line":105,"column":35}},"loc":{"start":{"line":105,"column":82},"end":{"line":121,"column":1}},"line":105},"2":{"name":"(anonymous_2)","decl":{"start":{"line":124,"column":32},"end":{"line":124,"column":33}},"loc":{"start":{"line":124,"column":67},"end":{"line":146,"column":1}},"line":124}},"branchMap":{"0":{"loc":{"start":{"line":94,"column":2},"end":{"line":100,"column":3}},"type":"if","locations":[{"start":{"line":94,"column":2},"end":{"line":100,"column":3}},{"start":{},"end":{}}],"line":94},"1":{"loc":{"start":{"line":95,"column":4},"end":{"line":99,"column":5}},"type":"if","locations":[{"start":{"line":95,"column":4},"end":{"line":99,"column":5}},{"start":{"line":97,"column":11},"end":{"line":99,"column":5}}],"line":95},"2":{"loc":{"start":{"line":95,"column":8},"end":{"line":95,"column":62}},"type":"binary-expr","locations":[{"start":{"line":95,"column":8},"end":{"line":95,"column":32}},{"start":{"line":95,"column":36},"end":{"line":95,"column":62}}],"line":95},"3":{"loc":{"start":{"line":97,"column":11},"end":{"line":99,"column":5}},"type":"if","locations":[{"start":{"line":97,"column":11},"end":{"line":99,"column":5}},{"start":{},"end":{}}],"line":97},"4":{"loc":{"start":{"line":97,"column":15},"end":{"line":97,"column":70}},"type":"binary-expr","locations":[{"start":{"line":97,"column":15},"end":{"line":97,"column":40}},{"start":{"line":97,"column":44},"end":{"line":97,"column":70}}],"line":97},"5":{"loc":{"start":{"line":105,"column":55},"end":{"line":105,"column":80}},"type":"default-arg","locations":[{"start":{"line":105,"column":64},"end":{"line":105,"column":80}}],"line":105},"6":{"loc":{"start":{"line":106,"column":2},"end":{"line":108,"column":3}},"type":"if","locations":[{"start":{"line":106,"column":2},"end":{"line":108,"column":3}},{"start":{},"end":{}}],"line":106},"7":{"loc":{"start":{"line":124,"column":41},"end":{"line":124,"column":65}},"type":"default-arg","locations":[{"start":{"line":124,"column":50},"end":{"line":124,"column":65}}],"line":124},"8":{"loc":{"start":{"line":125,"column":2},"end":{"line":127,"column":3}},"type":"if","locations":[{"start":{"line":125,"column":2},"end":{"line":127,"column":3}},{"start":{},"end":{}}],"line":125},"9":{"loc":{"start":{"line":130,"column":2},"end":{"line":142,"column":3}},"type":"if","locations":[{"start":{"line":130,"column":2},"end":{"line":142,"column":3}},{"start":{},"end":{}}],"line":130}},"s":{"0":1,"1":1,"2":1,"3":1,"4":0,"5":0,"6":0,"7":0,"8":0,"9":0,"10":1,"11":0,"12":0,"13":0,"14":0,"15":0,"16":0,"17":0,"18":1,"19":0,"20":0,"21":0,"22":0,"23":0,"24":0,"25":0,"26":0,"27":0,"28":0,"29":0,"30":0,"31":0,"32":1},"f":{"0":0,"1":0,"2":0},"b":{"0":[0,0],"1":[0,0],"2":[0,0],"3":[0,0],"4":[0,0],"5":[0],"6":[0,0],"7":[0],"8":[0,0],"9":[0,0]},"_coverageSchema":"1a1c01bbd47fc00a2c39e90264f33305004495a9","hash":"dbe697aadb8ee68dd31aabaec3d5120e05a40201"}
,"C:\\Users\\MAYOMBO\\Desktop\\arbre-a-palabres - Copie\\backend\\models\\User.js": {"path":"C:\\Users\\MAYOMBO\\Desktop\\arbre-a-palabres - Copie\\backend\\models\\User.js","statementMap":{"0":{"start":{"line":1,"column":17},"end":{"line":1,"column":36}},"1":{"start":{"line":2,"column":15},"end":{"line":2,"column":34}},"2":{"start":{"line":3,"column":18},"end":{"line":3,"column":38}},"3":{"start":{"line":5,"column":19},"end":{"line":48,"column":2}},"4":{"start":{"line":51,"column":0},"end":{"line":58,"column":3}},"5":{"start":{"line":52,"column":4},"end":{"line":54,"column":5}},"6":{"start":{"line":53,"column":8},"end":{"line":53,"column":15}},"7":{"start":{"line":56,"column":17},"end":{"line":56,"column":41}},"8":{"start":{"line":57,"column":4},"end":{"line":57,"column":59}},"9":{"start":{"line":61,"column":0},"end":{"line":63,"column":2}},"10":{"start":{"line":62,"column":4},"end":{"line":62,"column":64}},"11":{"start":{"line":65,"column":0},"end":{"line":65,"column":52}}},"fnMap":{"0":{"name":"(anonymous_0)","decl":{"start":{"line":51,"column":23},"end":{"line":51,"column":24}},"loc":{"start":{"line":51,"column":45},"end":{"line":58,"column":1}},"line":51},"1":{"name":"(anonymous_1)","decl":{"start":{"line":61,"column":35},"end":{"line":61,"column":36}},"loc":{"start":{"line":61,"column":68},"end":{"line":63,"column":1}},"line":61}},"branchMap":{"0":{"loc":{"start":{"line":52,"column":4},"end":{"line":54,"column":5}},"type":"if","locations":[{"start":{"line":52,"column":4},"end":{"line":54,"column":5}},{"start":{},"end":{}}],"line":52}},"s":{"0":1,"1":1,"2":1,"3":1,"4":1,"5":0,"6":0,"7":0,"8":0,"9":1,"10":0,"11":1},"f":{"0":0,"1":0},"b":{"0":[0,0]},"_coverageSchema":"1a1c01bbd47fc00a2c39e90264f33305004495a9","hash":"baad3d1ff57d4fb4e3cc7e3005dba11ca7b3cf00"}
,"C:\\Users\\MAYOMBO\\Desktop\\arbre-a-palabres - Copie\\backend\\routes\\auth.js": {"path":"C:\\Users\\MAYOMBO\\Desktop\\arbre-a-palabres - Copie\\backend\\routes\\auth.js","statementMap":{"0":{"start":{"line":1,"column":16},"end":{"line":1,"column":34}},"1":{"start":{"line":2,"column":15},"end":{"line":2,"column":31}},"2":{"start":{"line":3,"column":35},"end":{"line":3,"column":75}},"3":{"start":{"line":4,"column":20},"end":{"line":4,"column":49}},"4":{"start":{"line":6,"column":0},"end":{"line":6,"column":35}},"5":{"start":{"line":7,"column":0},"end":{"line":7,"column":29}},"6":{"start":{"line":8,"column":0},"end":{"line":8,"column":39}},"7":{"start":{"line":10,"column":0},"end":{"line":10,"column":24}}},"fnMap":{},"branchMap":{},"s":{"0":1,"1":1,"2":1,"3":1,"4":1,"5":1,"6":1,"7":1},"f":{},"b":{},"_coverageSchema":"1a1c01bbd47fc00a2c39e90264f33305004495a9","hash":"060fdc7986b4565f362307cffee3d6529ce33c7c"}
,"C:\\Users\\MAYOMBO\\Desktop\\arbre-a-palabres - Copie\\backend\\routes\\candidats.js": {"path":"C:\\Users\\MAYOMBO\\Desktop\\arbre-a-palabres - Copie\\backend\\routes\\candidats.js","statementMap":{"0":{"start":{"line":1,"column":16},"end":{"line":1,"column":34}},"1":{"start":{"line":2,"column":15},"end":{"line":2,"column":31}},"2":{"start":{"line":3,"column":17},"end":{"line":3,"column":46}},"3":{"start":{"line":4,"column":20},"end":{"line":4,"column":52}},"4":{"start":{"line":5,"column":33},"end":{"line":5,"column":70}},"5":{"start":{"line":6,"column":31},"end":{"line":6,"column":64}},"6":{"start":{"line":7,"column":27},"end":{"line":7,"column":56}},"7":{"start":{"line":8,"column":15},"end":{"line":8,"column":42}},"8":{"start":{"line":13,"column":0},"end":{"line":122,"column":3}},"9":{"start":{"line":14,"column":2},"end":{"line":121,"column":3}},"10":{"start":{"line":27,"column":8},"end":{"line":27,"column":16}},"11":{"start":{"line":30,"column":23},"end":{"line":32,"column":6}},"12":{"start":{"line":34,"column":4},"end":{"line":38,"column":5}},"13":{"start":{"line":35,"column":6},"end":{"line":37,"column":9}},"14":{"start":{"line":41,"column":29},"end":{"line":46,"column":6}},"15":{"start":{"line":49,"column":21},"end":{"line":49,"column":26}},"16":{"start":{"line":50,"column":23},"end":{"line":50,"column":24}},"17":{"start":{"line":51,"column":24},"end":{"line":51,"column":28}},"18":{"start":{"line":53,"column":4},"end":{"line":63,"column":5}},"19":{"start":{"line":54,"column":28},"end":{"line":54,"column":62}},"20":{"start":{"line":55,"column":6},"end":{"line":62,"column":7}},"21":{"start":{"line":57,"column":8},"end":{"line":61,"column":9}},"22":{"start":{"line":58,"column":10},"end":{"line":58,"column":28}},"23":{"start":{"line":59,"column":10},"end":{"line":59,"column":46}},"24":{"start":{"line":60,"column":10},"end":{"line":60,"column":54}},"25":{"start":{"line":66,"column":28},"end":{"line":80,"column":6}},"26":{"start":{"line":82,"column":4},"end":{"line":82,"column":33}},"27":{"start":{"line":85,"column":4},"end":{"line":95,"column":5}},"28":{"start":{"line":86,"column":34},"end":{"line":93,"column":8}},"29":{"start":{"line":94,"column":6},"end":{"line":94,"column":39}},"30":{"start":{"line":97,"column":4},"end":{"line":101,"column":7}},"31":{"start":{"line":103,"column":4},"end":{"line":112,"column":7}},"32":{"start":{"line":115,"column":4},"end":{"line":115,"column":86}},"33":{"start":{"line":117,"column":4},"end":{"line":120,"column":7}},"34":{"start":{"line":127,"column":0},"end":{"line":181,"column":3}},"35":{"start":{"line":128,"column":2},"end":{"line":180,"column":3}},"36":{"start":{"line":129,"column":26},"end":{"line":129,"column":36}},"37":{"start":{"line":130,"column":37},"end":{"line":130,"column":46}},"38":{"start":{"line":133,"column":30},"end":{"line":133,"column":92}},"39":{"start":{"line":134,"column":4},"end":{"line":139,"column":5}},"40":{"start":{"line":135,"column":6},"end":{"line":138,"column":9}},"41":{"start":{"line":141,"column":18},"end":{"line":144,"column":5}},"42":{"start":{"line":146,"column":18},"end":{"line":146,"column":54}},"43":{"start":{"line":147,"column":22},"end":{"line":152,"column":51}},"44":{"start":{"line":155,"column":23},"end":{"line":162,"column":7}},"45":{"start":{"line":155,"column":59},"end":{"line":162,"column":5}},"46":{"start":{"line":164,"column":4},"end":{"line":172,"column":7}},"47":{"start":{"line":175,"column":4},"end":{"line":175,"column":111}},"48":{"start":{"line":176,"column":4},"end":{"line":179,"column":7}},"49":{"start":{"line":186,"column":0},"end":{"line":237,"column":3}},"50":{"start":{"line":187,"column":2},"end":{"line":236,"column":3}},"51":{"start":{"line":188,"column":64},"end":{"line":188,"column":73}},"52":{"start":{"line":191,"column":18},"end":{"line":191,"column":20}},"53":{"start":{"line":193,"column":4},"end":{"line":199,"column":5}},"54":{"start":{"line":194,"column":6},"end":{"line":198,"column":8}},"55":{"start":{"line":201,"column":4},"end":{"line":203,"column":5}},"56":{"start":{"line":202,"column":6},"end":{"line":202,"column":34}},"57":{"start":{"line":205,"column":4},"end":{"line":207,"column":5}},"58":{"start":{"line":206,"column":6},"end":{"line":206,"column":41}},"59":{"start":{"line":210,"column":20},"end":{"line":213,"column":5}},"60":{"start":{"line":215,"column":18},"end":{"line":215,"column":54}},"61":{"start":{"line":216,"column":22},"end":{"line":219,"column":27}},"62":{"start":{"line":221,"column":4},"end":{"line":228,"column":7}},"63":{"start":{"line":231,"column":4},"end":{"line":231,"column":77}},"64":{"start":{"line":232,"column":4},"end":{"line":235,"column":7}},"65":{"start":{"line":242,"column":0},"end":{"line":266,"column":3}},"66":{"start":{"line":243,"column":2},"end":{"line":265,"column":3}},"67":{"start":{"line":244,"column":21},"end":{"line":245,"column":60}},"68":{"start":{"line":247,"column":4},"end":{"line":252,"column":5}},"69":{"start":{"line":248,"column":6},"end":{"line":251,"column":9}},"70":{"start":{"line":254,"column":4},"end":{"line":257,"column":7}},"71":{"start":{"line":260,"column":4},"end":{"line":260,"column":95}},"72":{"start":{"line":261,"column":4},"end":{"line":264,"column":7}},"73":{"start":{"line":268,"column":0},"end":{"line":268,"column":24}}},"fnMap":{"0":{"name":"(anonymous_0)","decl":{"start":{"line":13,"column":28},"end":{"line":13,"column":29}},"loc":{"start":{"line":13,"column":48},"end":{"line":122,"column":1}},"line":13},"1":{"name":"(anonymous_1)","decl":{"start":{"line":127,"column":37},"end":{"line":127,"column":38}},"loc":{"start":{"line":127,"column":57},"end":{"line":181,"column":1}},"line":127},"2":{"name":"(anonymous_2)","decl":{"start":{"line":155,"column":37},"end":{"line":155,"column":38}},"loc":{"start":{"line":155,"column":59},"end":{"line":162,"column":5}},"line":155},"3":{"name":"(anonymous_3)","decl":{"start":{"line":186,"column":16},"end":{"line":186,"column":17}},"loc":{"start":{"line":186,"column":36},"end":{"line":237,"column":1}},"line":186},"4":{"name":"(anonymous_4)","decl":{"start":{"line":242,"column":19},"end":{"line":242,"column":20}},"loc":{"start":{"line":242,"column":39},"end":{"line":266,"column":1}},"line":242}},"branchMap":{"0":{"loc":{"start":{"line":34,"column":4},"end":{"line":38,"column":5}},"type":"if","locations":[{"start":{"line":34,"column":4},"end":{"line":38,"column":5}},{"start":{},"end":{}}],"line":34},"1":{"loc":{"start":{"line":53,"column":4},"end":{"line":63,"column":5}},"type":"if","locations":[{"start":{"line":53,"column":4},"end":{"line":63,"column":5}},{"start":{},"end":{}}],"line":53},"2":{"loc":{"start":{"line":55,"column":6},"end":{"line":62,"column":7}},"type":"if","locations":[{"start":{"line":55,"column":6},"end":{"line":62,"column":7}},{"start":{},"end":{}}],"line":55},"3":{"loc":{"start":{"line":57,"column":8},"end":{"line":61,"column":9}},"type":"if","locations":[{"start":{"line":57,"column":8},"end":{"line":61,"column":9}},{"start":{},"end":{}}],"line":57},"4":{"loc":{"start":{"line":77,"column":27},"end":{"line":77,"column":91}},"type":"cond-expr","locations":[{"start":{"line":77,"column":40},"end":{"line":77,"column":52}},{"start":{"line":77,"column":55},"end":{"line":77,"column":91}}],"line":77},"5":{"loc":{"start":{"line":85,"column":4},"end":{"line":95,"column":5}},"type":"if","locations":[{"start":{"line":85,"column":4},"end":{"line":95,"column":5}},{"start":{},"end":{}}],"line":85},"6":{"loc":{"start":{"line":85,"column":8},"end":{"line":85,"column":36}},"type":"binary-expr","locations":[{"start":{"line":85,"column":8},"end":{"line":85,"column":21}},{"start":{"line":85,"column":25},"end":{"line":85,"column":36}}],"line":85},"7":{"loc":{"start":{"line":90,"column":16},"end":{"line":90,"column":52}},"type":"cond-expr","locations":[{"start":{"line":90,"column":29},"end":{"line":90,"column":37}},{"start":{"line":90,"column":40},"end":{"line":90,"column":52}}],"line":90},"8":{"loc":{"start":{"line":92,"column":19},"end":{"line":92,"column":45}},"type":"binary-expr","locations":[{"start":{"line":92,"column":19},"end":{"line":92,"column":32}},{"start":{"line":92,"column":36},"end":{"line":92,"column":45}}],"line":92},"9":{"loc":{"start":{"line":105,"column":15},"end":{"line":107,"column":67}},"type":"cond-expr","locations":[{"start":{"line":106,"column":10},"end":{"line":106,"column":63}},{"start":{"line":107,"column":10},"end":{"line":107,"column":67}}],"line":105},"10":{"loc":{"start":{"line":119,"column":13},"end":{"line":119,"column":78}},"type":"binary-expr","locations":[{"start":{"line":119,"column":13},"end":{"line":119,"column":26}},{"start":{"line":119,"column":30},"end":{"line":119,"column":78}}],"line":119},"11":{"loc":{"start":{"line":130,"column":12},"end":{"line":130,"column":22}},"type":"default-arg","locations":[{"start":{"line":130,"column":20},"end":{"line":130,"column":22}}],"line":130},"12":{"loc":{"start":{"line":130,"column":24},"end":{"line":130,"column":32}},"type":"default-arg","locations":[{"start":{"line":130,"column":31},"end":{"line":130,"column":32}}],"line":130},"13":{"loc":{"start":{"line":134,"column":4},"end":{"line":139,"column":5}},"type":"if","locations":[{"start":{"line":134,"column":4},"end":{"line":139,"column":5}},{"start":{},"end":{}}],"line":134},"14":{"loc":{"start":{"line":159,"column":20},"end":{"line":161,"column":11}},"type":"cond-expr","locations":[{"start":{"line":160,"column":10},"end":{"line":160,"column":110}},{"start":{"line":161,"column":10},"end":{"line":161,"column":11}}],"line":159},"15":{"loc":{"start":{"line":188,"column":12},"end":{"line":188,"column":20}},"type":"default-arg","locations":[{"start":{"line":188,"column":19},"end":{"line":188,"column":20}}],"line":188},"16":{"loc":{"start":{"line":188,"column":22},"end":{"line":188,"column":32}},"type":"default-arg","locations":[{"start":{"line":188,"column":30},"end":{"line":188,"column":32}}],"line":188},"17":{"loc":{"start":{"line":193,"column":4},"end":{"line":199,"column":5}},"type":"if","locations":[{"start":{"line":193,"column":4},"end":{"line":199,"column":5}},{"start":{},"end":{}}],"line":193},"18":{"loc":{"start":{"line":201,"column":4},"end":{"line":203,"column":5}},"type":"if","locations":[{"start":{"line":201,"column":4},"end":{"line":203,"column":5}},{"start":{},"end":{}}],"line":201},"19":{"loc":{"start":{"line":205,"column":4},"end":{"line":207,"column":5}},"type":"if","locations":[{"start":{"line":205,"column":4},"end":{"line":207,"column":5}},{"start":{},"end":{}}],"line":205},"20":{"loc":{"start":{"line":247,"column":4},"end":{"line":252,"column":5}},"type":"if","locations":[{"start":{"line":247,"column":4},"end":{"line":252,"column":5}},{"start":{},"end":{}}],"line":247}},"s":{"0":1,"1":1,"2":1,"3":1,"4":1,"5":1,"6":1,"7":1,"8":1,"9":1,"10":1,"11":1,"12":1,"13":0,"14":1,"15":0,"16":0,"17":0,"18":0,"19":0,"20":0,"21":0,"22":0,"23":0,"24":0,"25":0,"26":0,"27":0,"28":0,"29":0,"30":0,"31":0,"32":1,"33":1,"34":1,"35":0,"36":0,"37":0,"38":0,"39":0,"40":0,"41":0,"42":0,"43":0,"44":0,"45":0,"46":0,"47":0,"48":0,"49":1,"50":0,"51":0,"52":0,"53":0,"54":0,"55":0,"56":0,"57":0,"58":0,"59":0,"60":0,"61":0,"62":0,"63":0,"64":0,"65":1,"66":0,"67":0,"68":0,"69":0,"70":0,"71":0,"72":0,"73":1},"f":{"0":1,"1":0,"2":0,"3":0,"4":0},"b":{"0":[0,1],"1":[0,0],"2":[0,0],"3":[0,0],"4":[0,0],"5":[0,0],"6":[0,0],"7":[0,0],"8":[0,0],"9":[0,0],"10":[1,0],"11":[0],"12":[0],"13":[0,0],"14":[0,0],"15":[0],"16":[0],"17":[0,0],"18":[0,0],"19":[0,0],"20":[0,0]},"_coverageSchema":"1a1c01bbd47fc00a2c39e90264f33305004495a9","hash":"e0c7fc759fb29937594ba70cb4b1960f8a0b09b1"}
,"C:\\Users\\MAYOMBO\\Desktop\\arbre-a-palabres - Copie\\backend\\routes\\debats.js": {"path":"C:\\Users\\MAYOMBO\\Desktop\\arbre-a-palabres - Copie\\backend\\routes\\debats.js","statementMap":{"0":{"start":{"line":1,"column":16},"end":{"line":1,"column":34}},"1":{"start":{"line":2,"column":15},"end":{"line":2,"column":31}},"2":{"start":{"line":3,"column":14},"end":{"line":3,"column":40}},"3":{"start":{"line":4,"column":17},"end":{"line":4,"column":46}},"4":{"start":{"line":5,"column":20},"end":{"line":5,"column":52}},"5":{"start":{"line":6,"column":16},"end":{"line":6,"column":44}},"6":{"start":{"line":7,"column":75},"end":{"line":7,"column":112}},"7":{"start":{"line":8,"column":27},"end":{"line":8,"column":56}},"8":{"start":{"line":13,"column":0},"end":{"line":68,"column":3}},"9":{"start":{"line":14,"column":2},"end":{"line":67,"column":3}},"10":{"start":{"line":15,"column":39},"end":{"line":15,"column":47}},"11":{"start":{"line":17,"column":25},"end":{"line":21,"column":6}},"12":{"start":{"line":23,"column":4},"end":{"line":28,"column":5}},"13":{"start":{"line":24,"column":6},"end":{"line":27,"column":9}},"14":{"start":{"line":30,"column":22},"end":{"line":30,"column":47}},"15":{"start":{"line":31,"column":4},"end":{"line":36,"column":5}},"16":{"start":{"line":31,"column":33},"end":{"line":31,"column":58}},"17":{"start":{"line":32,"column":6},"end":{"line":35,"column":9}},"18":{"start":{"line":38,"column":22},"end":{"line":38,"column":70}},"19":{"start":{"line":39,"column":4},"end":{"line":39,"column":37}},"20":{"start":{"line":41,"column":25},"end":{"line":41,"column":45}},"21":{"start":{"line":42,"column":4},"end":{"line":42,"column":30}},"22":{"start":{"line":44,"column":25},"end":{"line":45,"column":82}},"23":{"start":{"line":47,"column":4},"end":{"line":59,"column":7}},"24":{"start":{"line":62,"column":4},"end":{"line":62,"column":51}},"25":{"start":{"line":63,"column":4},"end":{"line":66,"column":7}},"26":{"start":{"line":73,"column":0},"end":{"line":154,"column":3}},"27":{"start":{"line":74,"column":2},"end":{"line":153,"column":3}},"28":{"start":{"line":75,"column":53},"end":{"line":75,"column":61}},"29":{"start":{"line":77,"column":25},"end":{"line":80,"column":6}},"30":{"start":{"line":82,"column":4},"end":{"line":87,"column":5}},"31":{"start":{"line":83,"column":6},"end":{"line":86,"column":9}},"32":{"start":{"line":89,"column":37},"end":{"line":91,"column":5}},"33":{"start":{"line":90,"column":11},"end":{"line":90,"column":39}},"34":{"start":{"line":93,"column":4},"end":{"line":104,"column":5}},"35":{"start":{"line":94,"column":6},"end":{"line":103,"column":9}},"36":{"start":{"line":97,"column":69},"end":{"line":102,"column":9}},"37":{"start":{"line":106,"column":22},"end":{"line":106,"column":71}},"38":{"start":{"line":108,"column":25},"end":{"line":108,"column":27}},"39":{"start":{"line":109,"column":4},"end":{"line":123,"column":5}},"40":{"start":{"line":110,"column":6},"end":{"line":110,"column":46}},"41":{"start":{"line":111,"column":6},"end":{"line":111,"column":31}},"42":{"start":{"line":113,"column":26},"end":{"line":120,"column":8}},"43":{"start":{"line":121,"column":6},"end":{"line":121,"column":31}},"44":{"start":{"line":122,"column":6},"end":{"line":122,"column":37}},"45":{"start":{"line":125,"column":25},"end":{"line":125,"column":45}},"46":{"start":{"line":126,"column":4},"end":{"line":126,"column":30}},"47":{"start":{"line":128,"column":4},"end":{"line":131,"column":5}},"48":{"start":{"line":129,"column":6},"end":{"line":129,"column":46}},"49":{"start":{"line":130,"column":6},"end":{"line":130,"column":31}},"50":{"start":{"line":133,"column":25},"end":{"line":134,"column":71}},"51":{"start":{"line":136,"column":4},"end":{"line":145,"column":7}},"52":{"start":{"line":148,"column":4},"end":{"line":148,"column":50}},"53":{"start":{"line":149,"column":4},"end":{"line":152,"column":7}},"54":{"start":{"line":159,"column":0},"end":{"line":180,"column":3}},"55":{"start":{"line":160,"column":2},"end":{"line":179,"column":3}},"56":{"start":{"line":161,"column":18},"end":{"line":166,"column":30}},"57":{"start":{"line":168,"column":4},"end":{"line":171,"column":7}},"58":{"start":{"line":174,"column":4},"end":{"line":174,"column":55}},"59":{"start":{"line":175,"column":4},"end":{"line":178,"column":7}},"60":{"start":{"line":185,"column":0},"end":{"line":265,"column":3}},"61":{"start":{"line":186,"column":2},"end":{"line":264,"column":3}},"62":{"start":{"line":187,"column":28},"end":{"line":187,"column":36}},"63":{"start":{"line":189,"column":18},"end":{"line":190,"column":35}},"64":{"start":{"line":192,"column":4},"end":{"line":197,"column":5}},"65":{"start":{"line":193,"column":6},"end":{"line":196,"column":9}},"66":{"start":{"line":199,"column":4},"end":{"line":204,"column":5}},"67":{"start":{"line":200,"column":6},"end":{"line":203,"column":9}},"68":{"start":{"line":206,"column":22},"end":{"line":206,"column":88}},"69":{"start":{"line":206,"column":55},"end":{"line":206,"column":87}},"70":{"start":{"line":207,"column":4},"end":{"line":212,"column":5}},"71":{"start":{"line":208,"column":6},"end":{"line":211,"column":9}},"72":{"start":{"line":214,"column":4},"end":{"line":214,"column":50}},"73":{"start":{"line":215,"column":4},"end":{"line":215,"column":35}},"74":{"start":{"line":217,"column":28},"end":{"line":225,"column":6}},"75":{"start":{"line":227,"column":4},"end":{"line":227,"column":33}},"76":{"start":{"line":229,"column":21},"end":{"line":229,"column":89}},"77":{"start":{"line":229,"column":56},"end":{"line":229,"column":88}},"78":{"start":{"line":230,"column":4},"end":{"line":233,"column":5}},"79":{"start":{"line":231,"column":6},"end":{"line":231,"column":34}},"80":{"start":{"line":232,"column":6},"end":{"line":232,"column":27}},"81":{"start":{"line":235,"column":4},"end":{"line":235,"column":29}},"82":{"start":{"line":236,"column":4},"end":{"line":236,"column":32}},"83":{"start":{"line":238,"column":4},"end":{"line":241,"column":7}},"84":{"start":{"line":243,"column":26},"end":{"line":245,"column":64}},"85":{"start":{"line":247,"column":4},"end":{"line":256,"column":7}},"86":{"start":{"line":259,"column":4},"end":{"line":259,"column":50}},"87":{"start":{"line":260,"column":4},"end":{"line":263,"column":7}},"88":{"start":{"line":270,"column":0},"end":{"line":306,"column":3}},"89":{"start":{"line":271,"column":2},"end":{"line":305,"column":3}},"90":{"start":{"line":272,"column":18},"end":{"line":272,"column":53}},"91":{"start":{"line":274,"column":4},"end":{"line":279,"column":5}},"92":{"start":{"line":275,"column":6},"end":{"line":278,"column":9}},"93":{"start":{"line":281,"column":4},"end":{"line":286,"column":5}},"94":{"start":{"line":282,"column":6},"end":{"line":285,"column":9}},"95":{"start":{"line":288,"column":4},"end":{"line":288,"column":30}},"96":{"start":{"line":289,"column":4},"end":{"line":289,"column":34}},"97":{"start":{"line":291,"column":4},"end":{"line":291,"column":23}},"98":{"start":{"line":293,"column":4},"end":{"line":297,"column":7}},"99":{"start":{"line":300,"column":4},"end":{"line":300,"column":52}},"100":{"start":{"line":301,"column":4},"end":{"line":304,"column":7}},"101":{"start":{"line":311,"column":0},"end":{"line":351,"column":3}},"102":{"start":{"line":312,"column":2},"end":{"line":350,"column":3}},"103":{"start":{"line":319,"column":8},"end":{"line":319,"column":17}},"104":{"start":{"line":321,"column":18},"end":{"line":321,"column":20}},"105":{"start":{"line":322,"column":4},"end":{"line":322,"column":38}},"106":{"start":{"line":322,"column":16},"end":{"line":322,"column":38}},"107":{"start":{"line":323,"column":4},"end":{"line":323,"column":38}},"108":{"start":{"line":323,"column":14},"end":{"line":323,"column":38}},"109":{"start":{"line":324,"column":4},"end":{"line":324,"column":47}},"110":{"start":{"line":324,"column":19},"end":{"line":324,"column":47}},"111":{"start":{"line":326,"column":19},"end":{"line":332,"column":31}},"112":{"start":{"line":334,"column":18},"end":{"line":334,"column":51}},"113":{"start":{"line":336,"column":4},"end":{"line":342,"column":7}},"114":{"start":{"line":345,"column":4},"end":{"line":345,"column":56}},"115":{"start":{"line":346,"column":4},"end":{"line":349,"column":7}},"116":{"start":{"line":356,"column":0},"end":{"line":382,"column":3}},"117":{"start":{"line":357,"column":2},"end":{"line":381,"column":3}},"118":{"start":{"line":358,"column":18},"end":{"line":361,"column":64}},"119":{"start":{"line":363,"column":4},"end":{"line":368,"column":5}},"120":{"start":{"line":364,"column":6},"end":{"line":367,"column":9}},"121":{"start":{"line":370,"column":4},"end":{"line":373,"column":7}},"122":{"start":{"line":376,"column":4},"end":{"line":376,"column":55}},"123":{"start":{"line":377,"column":4},"end":{"line":380,"column":7}},"124":{"start":{"line":387,"column":0},"end":{"line":444,"column":3}},"125":{"start":{"line":388,"column":2},"end":{"line":443,"column":3}},"126":{"start":{"line":389,"column":23},"end":{"line":389,"column":31}},"127":{"start":{"line":390,"column":18},"end":{"line":390,"column":53}},"128":{"start":{"line":392,"column":4},"end":{"line":397,"column":5}},"129":{"start":{"line":393,"column":6},"end":{"line":396,"column":9}},"130":{"start":{"line":399,"column":4},"end":{"line":404,"column":5}},"131":{"start":{"line":400,"column":6},"end":{"line":403,"column":9}},"132":{"start":{"line":406,"column":4},"end":{"line":420,"column":5}},"133":{"start":{"line":407,"column":6},"end":{"line":412,"column":7}},"134":{"start":{"line":408,"column":8},"end":{"line":411,"column":11}},"135":{"start":{"line":414,"column":6},"end":{"line":419,"column":7}},"136":{"start":{"line":415,"column":8},"end":{"line":418,"column":11}},"137":{"start":{"line":422,"column":4},"end":{"line":422,"column":39}},"138":{"start":{"line":423,"column":4},"end":{"line":423,"column":23}},"139":{"start":{"line":425,"column":4},"end":{"line":429,"column":5}},"140":{"start":{"line":426,"column":6},"end":{"line":428,"column":9}},"141":{"start":{"line":431,"column":4},"end":{"line":435,"column":7}},"142":{"start":{"line":438,"column":4},"end":{"line":438,"column":55}},"143":{"start":{"line":439,"column":4},"end":{"line":442,"column":7}},"144":{"start":{"line":449,"column":0},"end":{"line":515,"column":3}},"145":{"start":{"line":450,"column":2},"end":{"line":514,"column":3}},"146":{"start":{"line":451,"column":24},"end":{"line":451,"column":52}},"147":{"start":{"line":452,"column":27},"end":{"line":452,"column":76}},"148":{"start":{"line":453,"column":26},"end":{"line":453,"column":76}},"149":{"start":{"line":455,"column":24},"end":{"line":458,"column":6}},"150":{"start":{"line":460,"column":24},"end":{"line":463,"column":6}},"151":{"start":{"line":465,"column":31},"end":{"line":467,"column":6}},"152":{"start":{"line":469,"column":29},"end":{"line":469,"column":30}},"153":{"start":{"line":470,"column":32},"end":{"line":470,"column":33}},"154":{"start":{"line":471,"column":26},"end":{"line":471,"column":27}},"155":{"start":{"line":473,"column":4},"end":{"line":482,"column":7}},"156":{"start":{"line":474,"column":29},"end":{"line":474,"column":42}},"157":{"start":{"line":475,"column":6},"end":{"line":481,"column":7}},"158":{"start":{"line":476,"column":8},"end":{"line":476,"column":45}},"159":{"start":{"line":477,"column":8},"end":{"line":477,"column":50}},"160":{"start":{"line":478,"column":13},"end":{"line":481,"column":7}},"161":{"start":{"line":479,"column":8},"end":{"line":479,"column":48}},"162":{"start":{"line":480,"column":8},"end":{"line":480,"column":50}},"163":{"start":{"line":484,"column":26},"end":{"line":484,"column":31}},"164":{"start":{"line":485,"column":27},"end":{"line":485,"column":71}},"165":{"start":{"line":486,"column":22},"end":{"line":486,"column":54}},"166":{"start":{"line":488,"column":4},"end":{"line":506,"column":7}},"167":{"start":{"line":509,"column":4},"end":{"line":509,"column":62}},"168":{"start":{"line":510,"column":4},"end":{"line":513,"column":7}},"169":{"start":{"line":517,"column":0},"end":{"line":517,"column":24}}},"fnMap":{"0":{"name":"(anonymous_0)","decl":{"start":{"line":13,"column":41},"end":{"line":13,"column":42}},"loc":{"start":{"line":13,"column":61},"end":{"line":68,"column":1}},"line":13},"1":{"name":"(anonymous_1)","decl":{"start":{"line":31,"column":28},"end":{"line":31,"column":29}},"loc":{"start":{"line":31,"column":33},"end":{"line":31,"column":58}},"line":31},"2":{"name":"(anonymous_2)","decl":{"start":{"line":73,"column":21},"end":{"line":73,"column":22}},"loc":{"start":{"line":73,"column":41},"end":{"line":154,"column":1}},"line":73},"3":{"name":"(anonymous_3)","decl":{"start":{"line":90,"column":6},"end":{"line":90,"column":7}},"loc":{"start":{"line":90,"column":11},"end":{"line":90,"column":39}},"line":90},"4":{"name":"(anonymous_4)","decl":{"start":{"line":97,"column":63},"end":{"line":97,"column":64}},"loc":{"start":{"line":97,"column":69},"end":{"line":102,"column":9}},"line":97},"5":{"name":"(anonymous_5)","decl":{"start":{"line":159,"column":33},"end":{"line":159,"column":34}},"loc":{"start":{"line":159,"column":53},"end":{"line":180,"column":1}},"line":159},"6":{"name":"(anonymous_6)","decl":{"start":{"line":185,"column":46},"end":{"line":185,"column":47}},"loc":{"start":{"line":185,"column":66},"end":{"line":265,"column":1}},"line":185},"7":{"name":"(anonymous_7)","decl":{"start":{"line":206,"column":50},"end":{"line":206,"column":51}},"loc":{"start":{"line":206,"column":55},"end":{"line":206,"column":87}},"line":206},"8":{"name":"(anonymous_8)","decl":{"start":{"line":229,"column":51},"end":{"line":229,"column":52}},"loc":{"start":{"line":229,"column":56},"end":{"line":229,"column":88}},"line":229},"9":{"name":"(anonymous_9)","decl":{"start":{"line":270,"column":46},"end":{"line":270,"column":47}},"loc":{"start":{"line":270,"column":66},"end":{"line":306,"column":1}},"line":270},"10":{"name":"(anonymous_10)","decl":{"start":{"line":311,"column":16},"end":{"line":311,"column":17}},"loc":{"start":{"line":311,"column":36},"end":{"line":351,"column":1}},"line":311},"11":{"name":"(anonymous_11)","decl":{"start":{"line":356,"column":19},"end":{"line":356,"column":20}},"loc":{"start":{"line":356,"column":39},"end":{"line":382,"column":1}},"line":356},"12":{"name"
[...]
,"C:\\Users\\MAYOMBO\\Desktop\\arbre-a-palabres - Copie\\backend\\tests\\db-handler.js": {"path":"C:\\Users\\MAYOMBO\\Desktop\\arbre-a-palabres - Copie\\backend\\tests\\db-handler.js","statementMap":{"0":{"start":{"line":1,"column":17},"end":{"line":1,"column":36}},"1":{"start":{"line":2,"column":30},"end":{"line":2,"column":62}},"2":{"start":{"line":9,"column":0},"end":{"line":22,"column":2}},"3":{"start":{"line":11,"column":4},"end":{"line":13,"column":5}},"4":{"start":{"line":12,"column":8},"end":{"line":12,"column":15}},"5":{"start":{"line":15,"column":4},"end":{"line":15,"column":46}},"6":{"start":{"line":16,"column":16},"end":{"line":16,"column":31}},"7":{"start":{"line":18,"column":4},"end":{"line":21,"column":7}},"8":{"start":{"line":27,"column":0},"end":{"line":35,"column":2}},"9":{"start":{"line":28,"column":4},"end":{"line":31,"column":5}},"10":{"start":{"line":29,"column":8},"end":{"line":29,"column":49}},"11":{"start":{"line":30,"column":8},"end":{"line":30,"column":42}},"12":{"start":{"line":32,"column":4},"end":{"line":34,"column":5}},"13":{"start":{"line":33,"column":8},"end":{"line":33,"column":28}},"14":{"start":{"line":40,"column":0},"end":{"line":48,"column":2}},"15":{"start":{"line":41,"column":4},"end":{"line":47,"column":5}},"16":{"start":{"line":42,"column":28},"end":{"line":42,"column":59}},"17":{"start":{"line":43,"column":8},"end":{"line":46,"column":9}},"18":{"start":{"line":44,"column":31},"end":{"line":44,"column":47}},"19":{"start":{"line":45,"column":12},"end":{"line":45,"column":42}}},"fnMap":{"0":{"name":"(anonymous_0)","decl":{"start":{"line":9,"column":25},"end":{"line":9,"column":26}},"loc":{"start":{"line":9,"column":37},"end":{"line":22,"column":1}},"line":9},"1":{"name":"(anonymous_1)","decl":{"start":{"line":27,"column":23},"end":{"line":27,"column":24}},"loc":{"start":{"line":27,"column":35},"end":{"line":35,"column":1}},"line":27},"2":{"name":"(anonymous_2)","decl":{"start":{"line":40,"column":23},"end":{"line":40,"column":24}},"loc":{"start":{"line":40,"column":35},"end":{"line":48,"column":1}},"line":40}},"branchMap":{"0":{"loc":{"start":{"line":11,"column":4},"end":{"line":13,"column":5}},"type":"if","locations":[{"start":{"line":11,"column":4},"end":{"line":13,"column":5}},{"start":{},"end":{}}],"line":11},"1":{"loc":{"start":{"line":28,"column":4},"end":{"line":31,"column":5}},"type":"if","locations":[{"start":{"line":28,"column":4},"end":{"line":31,"column":5}},{"start":{},"end":{}}],"line":28},"2":{"loc":{"start":{"line":32,"column":4},"end":{"line":34,"column":5}},"type":"if","locations":[{"start":{"line":32,"column":4},"end":{"line":34,"column":5}},{"start":{},"end":{}}],"line":32},"3":{"loc":{"start":{"line":41,"column":4},"end":{"line":47,"column":5}},"type":"if","locations":[{"start":{"line":41,"column":4},"end":{"line":47,"column":5}},{"start":{},"end":{}}],"line":41}},"s":{"0":1,"1":1,"2":1,"3":1,"4":0,"5":1,"6":1,"7":1,"8":1,"9":1,"10":1,"11":1,"12":1,"13":1,"14":1,"15":1,"16":1,"17":1,"18":5,"19":5},"f":{"0":1,"1":1,"2":1},"b":{"0":[0,1],"1":[1,0],"2":[1,0],"3":[1,0]},"_coverageSchema":"1a1c01bbd47fc00a2c39e90264f33305004495a9","hash":"8dd174931ef2dcebd19876c4d576757919e8a321"}
,"C:\\Users\\MAYOMBO\\Desktop\\arbre-a-palabres - Copie\\backend\\utils\\calculsFinanciers.js": {"path":"C:\\Users\\MAYOMBO\\Desktop\\arbre-a-palabres - Copie\\backend\\utils\\calculsFinanciers.js","statementMap":{"0":{"start":{"line":7,"column":23},"end":{"line":11,"column":1}},"1":{"start":{"line":13,"column":26},"end":{"line":18,"column":1}},"2":{"start":{"line":24,"column":16},"end":{"line":24,"column":26}},"3":{"start":{"line":25,"column":20},"end":{"line":25,"column":43}},"4":{"start":{"line":26,"column":12},"end":{"line":26,"column":57}},"5":{"start":{"line":27,"column":20},"end":{"line":27,"column":59}},"6":{"start":{"line":29,"column":2},"end":{"line":31,"column":3}},"7":{"start":{"line":30,"column":4},"end":{"line":30,"column":10}},"8":{"start":{"line":33,"column":2},"end":{"line":33,"column":13}},"9":{"start":{"line":40,"column":14},"end":{"line":40,"column":40}},"10":{"start":{"line":43,"column":2},"end":{"line":49,"column":3}},"11":{"start":{"line":44,"column":4},"end":{"line":48,"column":6}},"12":{"start":{"line":51,"column":2},"end":{"line":53,"column":3}},"13":{"start":{"line":52,"column":4},"end":{"line":52,"column":54}},"14":{"start":{"line":54,"column":2},"end":{"line":56,"column":3}},"15":{"start":{"line":55,"column":4},"end":{"line":55,"column":43}},"16":{"start":{"line":58,"column":2},"end":{"line":66,"column":3}},"17":{"start":{"line":59,"column":4},"end":{"line":65,"column":5}},"18":{"start":{"line":60,"column":6},"end":{"line":64,"column":8}},"19":{"start":{"line":68,"column":2},"end":{"line":68,"column":67}},"20":{"start":{"line":75,"column":28},"end":{"line":75,"column":61}},"21":{"start":{"line":76,"column":24},"end":{"line":76,"column":57}},"22":{"start":{"line":79,"column":24},"end":{"line":79,"column":60}},"23":{"start":{"line":80,"column":28},"end":{"line":80,"column":61}},"24":{"start":{"line":82,"column":2},"end":{"line":95,"column":3}},"25":{"start":{"line":83,"column":23},"end":{"line":83,"column":75}},"26":{"start":{"line":84,"column":23},"end":{"line":84,"column":49}},"27":{"start":{"line":86,"column":4},"end":{"line":94,"column":6}},"28":{"start":{"line":97,"column":2},"end":{"line":105,"column":4}},"29":{"start":{"line":112,"column":2},"end":{"line":114,"column":3}},"30":{"start":{"line":113,"column":4},"end":{"line":113,"column":69}},"31":{"start":{"line":116,"column":20},"end":{"line":116,"column":45}},"32":{"start":{"line":117,"column":2},"end":{"line":119,"column":3}},"33":{"start":{"line":117,"column":31},"end":{"line":117,"column":56}},"34":{"start":{"line":118,"column":4},"end":{"line":118,"column":79}},"35":{"start":{"line":121,"column":24},"end":{"line":121,"column":52}},"36":{"start":{"line":122,"column":25},"end":{"line":122,"column":42}},"37":{"start":{"line":123,"column":22},"end":{"line":123,"column":63}},"38":{"start":{"line":125,"column":2},"end":{"line":136,"column":4}},"39":{"start":{"line":127,"column":44},"end":{"line":127,"column":49}},"40":{"start":{"line":143,"column":73},"end":{"line":143,"column":88}},"41":{"start":{"line":145,"column":2},"end":{"line":147,"column":3}},"42":{"start":{"line":146,"column":4},"end":{"line":146,"column":60}},"43":{"start":{"line":149,"column":2},"end":{"line":151,"column":3}},"44":{"start":{"line":150,"column":4},"end":{"line":150,"column":60}},"45":{"start":{"line":155,"column":47},"end":{"line":155,"column":102}},"46":{"start":{"line":157,"column":2},"end":{"line":163,"column":4}},"47":{"start":{"line":170,"column":25},"end":{"line":170,"column":57}},"48":{"start":{"line":171,"column":2},"end":{"line":171,"column":51}},"49":{"start":{"line":178,"column":2},"end":{"line":180,"column":3}},"50":{"start":{"line":179,"column":4},"end":{"line":179,"column":69}},"51":{"start":{"line":182,"column":2},"end":{"line":184,"column":3}},"52":{"start":{"line":183,"column":4},"end":{"line":183,"column":59}},"53":{"start":{"line":186,"column":35},"end":{"line":186,"column":89}},"54":{"start":{"line":186,"column":60},"end":{"line":186,"column":88}},"55":{"start":{"line":187,"column":2},"end":{"line":190,"column":3}},"56":{"start":{"line":188,"column":17},"end":{"line":188,"column":85}},"57":{"start":{"line":188,"column":51},"end":{"line":188,"column":73}},"58":{"start":{"line":189,"column":4},"end":{"line":189,"column":55}},"59":{"start":{"line":192,"column":20},"end":{"line":192,"column":45}},"60":{"start":{"line":193,"column":2},"end":{"line":195,"column":3}},"61":{"start":{"line":193,"column":31},"end":{"line":193,"column":56}},"62":{"start":{"line":194,"column":4},"end":{"line":194,"column":79}},"63":{"start":{"line":197,"column":25},"end":{"line":197,"column":41}},"64":{"start":{"line":198,"column":22},"end":{"line":198,"column":63}},"65":{"start":{"line":200,"column":2},"end":{"line":211,"column":4}},"66":{"start":{"line":202,"column":44},"end":{"line":202,"column":49}},"67":{"start":{"line":214,"column":0},"end":{"line":223,"column":2}}},"fnMap":{"0":{"name":"calculerAge","decl":{"start":{"line":23,"column":9},"end":{"line":23,"column":20}},"loc":{"start":{"line":23,"column":36},"end":{"line":34,"column":1}},"line":23},"1":{"name":"determinerCategorieEtFrais","decl":{"start":{"line":39,"column":9},"end":{"line":39,"column":35}},"loc":{"start":{"line":39,"column":72},"end":{"line":69,"column":1}},"line":39},"2":{"name":"calculerRepartitionSimple","decl":{"start":{"line":74,"column":9},"end":{"line":74,"column":34}},"loc":{"start":{"line":74,"column":51},"end":{"line":106,"column":1}},"line":74},"3":{"name":"organiserNouveauDebatSimple","decl":{"start":{"line":111,"column":9},"end":{"line":111,"column":36}},"loc":{"start":{"line":111,"column":58},"end":{"line":137,"column":1}},"line":111},"4":{"name":"(anonymous_4)","decl":{"start":{"line":117,"column":26},"end":{"line":117,"column":27}},"loc":{"start":{"line":117,"column":31},"end":{"line":117,"column":56}},"line":117},"5":{"name":"(anonymous_5)","decl":{"start":{"line":127,"column":39},"end":{"line":127,"column":40}},"loc":{"start":{"line":127,"column":44},"end":{"line":127,"column":49}},"line":127},"6":{"name":"soumettreCandidature","decl":{"start":{"line":142,"column":9},"end":{"line":142,"column":29}},"loc":{"start":{"line":142,"column":47},"end":{"line":164,"column":1}},"line":142},"7":{"name":"calculerGainsDefi","decl":{"start":{"line":169,"column":9},"end":{"line":169,"column":26}},"loc":{"start":{"line":169,"column":64},"end":{"line":172,"column":1}},"line":169},"8":{"name":"creerDebatDefi","decl":{"start":{"line":177,"column":9},"end":{"line":177,"column":23}},"loc":{"start":{"line":177,"column":59},"end":{"line":212,"column":1}},"line":177},"9":{"name":"(anonymous_9)","decl":{"start":{"line":186,"column":55},"end":{"line":186,"column":56}},"loc":{"start":{"line":186,"column":60},"end":{"line":186,"column":88}},"line":186},"10":{"name":"(anonymous_10)","decl":{"start":{"line":188,"column":46},"end":{"line":188,"column":47}},"loc":{"start":{"line":188,"column":51},"end":{"line":188,"column":73}},"line":188},"11":{"name":"(anonymous_11)","decl":{"start":{"line":193,"column":26},"end":{"line":193,"column":27}},"loc":{"start":{"line":193,"column":31},"end":{"line":193,"column":56}},"line":193},"12":{"name":"(anonymous_12)","decl":{"start":{"line":202,"column":39},"end":{"line":202,"column":40}},"loc":{"start":{"line":202,"column":44},"end":{"line":202,"column":49}},"line":202}},"branchMap":{"0":{"loc":{"start":{"line":29,"column":2},"end":{"line":31,"column":3}},"type":"if","locations":[{"start":{"line":29,"column":2},"end":{"line":31,"column":3}},{"start":{},"end":{}}],"line":29},"1":{"loc":{"start":{"line":29,"column":6},"end":{"line":29,"column":81}},"type":"binary-expr","locations":[{"start":{"line":29,"column":6},"end":{"line":29,"column":19}},{"start":{"line":29,"column":24},"end":{"line":29,"column":39}},{"start":{"line":29,"column":43},"end":{"line":29,"column":80}}],"line":29},"2":{"loc":{"start":{"line":39,"column":51},"end":{"line":39,"column":70}},"type":"default-arg","locations":[{"start":{"line":39,"column":66},"end":{"line":39,"column":70}}],"line":39},"3":{"loc":{"start":{"line":43,"column":2},"end":{"line":49,"column":3}},"type":"if","locations":[{"start":{"line":43,"column":2},"end":{"line":49,"column":3}},{"start":{},"end":{}}],"line":43},"4":{"loc":{"start":{"line":51,"column":2},"end":{"line":53,"column":3}},"type":"if","locations":[{"start":{"line":51,"column":2},"end":{"line":53,"column":3}},{"start":{},"end":{}}],"line":51},"5":{"loc":{"start":{"line":54,"column":2},"end":{"line":56,"column":3}},"type":"if","locations":[{"start":{"line":54,"column":2},"end":{"line":56,"column":3}},{"start":{},"end":{}}],"line":54},"6":{"loc":{"start":{"line":59,"column":4},"end":{"line":65,"column":5}},"type":"if","locations":[{"start":{"line":59,"column":4},"end":{"line":65,"column":5}},{"start":{},"end":{}}],"line":59},"7":{"loc":{"start":{"line":59,"column":8},"end":{"line":59,"column":48}},"type":"binary-expr","locations":[{"start":{"line":59,"column":8},"end":{"line":59,"column":26}},{"start":{"line":59,"column":30},"end":{"line":59,"column":48}}],"line":59},"8":{"loc":{"start":{"line":82,"column":2},"end":{"line":95,"column":3}},"type":"if","locations":[{"start":{"line":82,"column":2},"end":{"line":95,"column":3}},{"start":{},"end":{}}],"line":82},"9":{"loc":{"start":{"line":112,"column":2},"end":{"line":114,"column":3}},"type":"if","locations":[{"start":{"line":112,"column":2},"end":{"line":114,"column":3}},{"start":{},"end":{}}],"line":112},"10":{"loc":{"start":{"line":112,"column":6},"end":{"line":112,"column":48}},"type":"binary-expr","locations":[{"start":{"line":112,"column":6},"end":{"line":112,"column":19}},{"start":{"line":112,"column":23},"end":{"line":112,"column":48}}],"line":112},"11":{"loc":{"start":{"line":117,"column":2},"end":{"line":119,"column":3}},"type":"if","locations":[{"start":{"line":117,"column":2},"end":{"line":119,"column":3}},{"start":{},"end":{}}],"line":117},"12":{"loc":{"start":{"line":145,"column":2},"end":{"line":147,"column":3}},"type":"if","locations":[{"start":{"line":145,"column":2},"end":{"line":147,"column":3}},{"start":{},"end":{}}],"line":145},"13":{"loc":{"start":{"line":149,"column":2},"end":{"line":151,"column":3}},"type":"if","locations":[{"start":{"line":149,"column":2},"end":{"line":151,"column":3}},{"start":{},"end":{}}],"line":149},"14":{"loc":{"start":{"line":169,"column":40},"end":{"line":169,"column":62}},"type":"default-arg","locations":[{"start":{"line":169,"column":61},"end":{"line":169,"column":62}}],"line":169},"15":{"loc":{"start":{"line":178,"column":2},"end":{"line":180,"column":3}},"type":"if","locations":[{"start":{"line":178,"column":2},"end":{"line":180,"column":3}},{"start":{},"end":{}}],"line":178},"16":{"loc":{"start":{"line":178,"column":6},"end":{"line":178,"column":48}},"type":"binary-expr","locations":[{"start":{"line":178,"column":6},"end":{"line":178,"column":19}},{"start":{"line":178,"column":23},"end":{"line":178,"column":48}}],"line":178},"17":{"loc":{"start":{"line":182,"column":2},"end":{"line":184,"column":3}},"type":"if","locations":[{"start":{"line":182,"column":2},"end":{"line":184,"column":3}},{"start":{},"end":{}}],"line":182},"18":{"loc":{"start":{"line":187,"column":2},"end":{"line":190,"column":3}},"type":"if","locations":[{"start":{"line":187,"column":2},"end":{"line":190,"column":3}},{"start":{},"end":{}}],"line":187},"19":{"loc":{"start":{"line":193,"column":2},"end":{"line":195,"column":3}},"type":"if","locations":[{"start":{"line":193,"column":2},"end":{"line":195,"column":3}},{"start":{},"end":{}}],"line":193}},"s":{"0":1,"1":1,"2":0,"3":0,"4":0,"5":0,"6":0,"7":0,"8":0,"9":0,"10":0,"11":0,"12":0,"13":0,"14":0,"15":0,"16":0,"17":0,"18":0,"19":0,"20":0,"21":0,"22":0,"23":0,"24":0,"25":0,"26":0,"27":0,"28":0,"29":0,"30":0,"31":0,"32":0,"33":0,"34":0,"35":0,"36":0,"37":0,"38":0,"39":0,"40":1,"41":1,"42":1,"43":0,"44":0,"45":0,"46":0,"47":0,"48":0,"49":0,"50":0,"51":0,"52":0,"53":0,"54":0,"55":0,"56":0,"57":0,"58":0,"59":0,"60":0,"61":0,"62":0,"63":0,"64":0,"65":0,"66":0,"67":1},"f":{"0":0,"1":0,"2":0,"3":0,"4":0,"5":0,"6":1,"7":0,"8":0,"9":0,"10":0,"11":0,"12":0},"b":{"0":[0,0],"1":[0,0,0],"2":[0],"3":[0,0],"4":[0,0],"5":[0,0],"6":[0,0],"7":[0,0],"8":[0,0],"9":[0,0],"10":[0,0],"11":[0,0],"12":[1,0],"13":[0,0],"14":[0],"15":[0,0],"16":[0,0],"17":[0,0],"18":[0,0],"19":[0,0]},"_coverageSchema":"1a1c01bbd47fc00a2c39e90264f33305004495a9","hash":"f7ee369acb8432dd4a432d180feb93dac76c8831"}
,"C:\\Users\\MAYOMBO\\Desktop\\arbre-a-palabres - Copie\\backend\\utils\\paymentParser.js": {"path":"C:\\Users\\MAYOMBO\\Desktop\\arbre-a-palabres - Copie\\backend\\utils\\paymentParser.js","statementMap":{"0":{"start":{"line":10,"column":4},"end":{"line":12,"column":5}},"1":{"start":{"line":11,"column":8},"end":{"line":11,"column":57}},"2":{"start":{"line":15,"column":25},"end":{"line":15,"column":39}},"3":{"start":{"line":19,"column":22},"end":{"line":19,"column":92}},"4":{"start":{"line":20,"column":20},"end":{"line":20,"column":49}},"5":{"start":{"line":24,"column":24},"end":{"line":24,"column":90}},"6":{"start":{"line":25,"column":24},"end":{"line":25,"column":55}},"7":{"start":{"line":29,"column":26},"end":{"line":29,"column":74}},"8":{"start":{"line":30,"column":26},"end":{"line":30,"column":59}},"9":{"start":{"line":33,"column":4},"end":{"line":35,"column":5}},"10":{"start":{"line":34,"column":8},"end":{"line":34,"column":74}},"11":{"start":{"line":36,"column":4},"end":{"line":38,"column":5}},"12":{"start":{"line":37,"column":8},"end":{"line":37,"column":64}},"13":{"start":{"line":45,"column":26},"end":{"line":45,"column":36}},"14":{"start":{"line":46,"column":19},"end":{"line":46,"column":63}},"15":{"start":{"line":48,"column":4},"end":{"line":52,"column":6}},"16":{"start":{"line":55,"column":0},"end":{"line":55,"column":40}}},"fnMap":{"0":{"name":"parseAirtelMessage","decl":{"start":{"line":9,"column":9},"end":{"line":9,"column":27}},"loc":{"start":{"line":9,"column":37},"end":{"line":53,"column":1}},"line":9}},"branchMap":{"0":{"loc":{"start":{"line":10,"column":4},"end":{"line":12,"column":5}},"type":"if","locations":[{"start":{"line":10,"column":4},"end":{"line":12,"column":5}},{"start":{},"end":{}}],"line":10},"1":{"loc":{"start":{"line":33,"column":4},"end":{"line":35,"column":5}},"type":"if","locations":[{"start":{"line":33,"column":4},"end":{"line":35,"column":5}},{"start":{},"end":{}}],"line":33},"2":{"loc":{"start":{"line":36,"column":4},"end":{"line":38,"column":5}},"type":"if","locations":[{"start":{"line":36,"column":4},"end":{"line":38,"column":5}},{"start":{},"end":{}}],"line":36}},"s":{"0":0,"1":0,"2":0,"3":0,"4":0,"5":0,"6":0,"7":0,"8":0,"9":0,"10":0,"11":0,"12":0,"13":0,"14":0,"15":0,"16":1},"f":{"0":0},"b":{"0":[0,0],"1":[0,0],"2":[0,0]},"_coverageSchema":"1a1c01bbd47fc00a2c39e90264f33305004495a9","hash":"21cf494101b84db0358fb1108aa9bd3df5ff88ad"}
}
