TN:
SF:utils\calculsFinanciers.js
FN:22,calculerAge
FN:38,determinerCategorieEtFrais
FN:64,calculerRepartitionSimple
FN:93,organiserNouveauDebatSimple
FN:99,(anonymous_4)
FN:109,(anonymous_5)
FN:124,soumettreCandidature
FN:154,calculerGainsDefi
FN:162,creerDebatDefi
FN:171,(anonymous_9)
FN:173,(anonymous_10)
FN:178,(anonymous_11)
FN:187,(anonymous_12)
FNF:13
FNH:3
FNDA:5,calculerAge
FNDA:5,determinerCategorieEtFrais
FNDA:0,calculerRepartitionSimple
FNDA:0,organiserNouveauDebatSimple
FNDA:0,(anonymous_4)
FNDA:0,(anonymous_5)
FNDA:6,soumettreCandidature
FNDA:0,calculerGainsDefi
FNDA:0,creerDebatDefi
FNDA:0,(anonymous_9)
FNDA:0,(anonymous_10)
FNDA:0,(anonymous_11)
FNDA:0,(anonymous_12)
DA:7,1
DA:13,1
DA:23,5
DA:24,5
DA:25,5
DA:26,5
DA:28,5
DA:29,0
DA:32,5
DA:39,5
DA:41,5
DA:42,1
DA:44,4
DA:45,1
DA:48,3
DA:49,6
DA:50,3
DA:58,0
DA:65,0
DA:66,0
DA:68,0
DA:69,0
DA:70,0
DA:72,0
DA:81,0
DA:94,0
DA:95,0
DA:98,0
DA:99,0
DA:100,0
DA:103,0
DA:104,0
DA:105,0
DA:107,0
DA:109,0
DA:125,6
DA:127,6
DA:128,1
DA:131,5
DA:132,0
DA:136,5
DA:137,0
DA:140,5
DA:142,3
DA:155,0
DA:156,0
DA:163,0
DA:164,0
DA:167,0
DA:168,0
DA:171,0
DA:172,0
DA:173,0
DA:174,0
DA:177,0
DA:178,0
DA:179,0
DA:182,0
DA:183,0
DA:185,0
DA:187,0
DA:199,1
LF:62
LH:24
BRDA:28,0,0,0
BRDA:28,0,1,5
BRDA:28,1,0,5
BRDA:28,1,1,5
BRDA:28,1,2,0
BRDA:41,2,0,1
BRDA:41,2,1,4
BRDA:44,3,0,1
BRDA:44,3,1,3
BRDA:49,4,0,3
BRDA:49,4,1,3
BRDA:49,5,0,6
BRDA:49,5,1,6
BRDA:68,6,0,0
BRDA:68,6,1,0
BRDA:94,7,0,0
BRDA:94,7,1,0
BRDA:94,8,0,0
BRDA:94,8,1,0
BRDA:99,9,0,0
BRDA:99,9,1,0
BRDA:127,10,0,1
BRDA:127,10,1,5
BRDA:131,11,0,0
BRDA:131,11,1,5
BRDA:136,12,0,0
BRDA:136,12,1,5
BRDA:154,13,0,0
BRDA:163,14,0,0
BRDA:163,14,1,0
BRDA:163,15,0,0
BRDA:163,15,1,0
BRDA:167,16,0,0
BRDA:167,16,1,0
BRDA:172,17,0,0
BRDA:172,17,1,0
BRDA:178,18,0,0
BRDA:178,18,1,0
BRF:38
BRH:15
end_of_record
