TN:
SF:server.js
FN:53,(anonymous_0)
FN:66,(anonymous_1)
FN:96,(anonymous_2)
FN:110,(anonymous_3)
FN:126,(anonymous_4)
FN:145,(anonymous_5)
FN:153,(anonymous_6)
FN:155,(anonymous_7)
FNF:8
FNH:4
FNDA:6,(anonymous_0)
FNDA:6,(anonymous_1)
FNDA:0,(anonymous_2)
FNDA:0,(anonymous_3)
FNDA:1,(anonymous_4)
FNDA:1,(anonymous_5)
FNDA:0,(anonymous_6)
FNDA:0,(anonymous_7)
DA:4,1
DA:9,1
DA:10,1
DA:11,1
DA:12,1
DA:13,1
DA:14,1
DA:15,1
DA:17,1
DA:20,1
DA:21,1
DA:22,1
DA:24,1
DA:25,1
DA:30,1
DA:32,1
DA:39,1
DA:42,1
DA:49,1
DA:50,1
DA:53,1
DA:54,6
DA:55,6
DA:59,1
DA:60,1
DA:64,1
DA:67,6
DA:68,0
DA:69,0
DA:78,1
DA:81,1
DA:91,1
DA:96,1
DA:97,0
DA:110,1
DA:111,0
DA:117,1
DA:118,1
DA:119,1
DA:120,1
DA:121,1
DA:126,1
DA:127,1
DA:136,1
DA:137,1
DA:142,1
DA:143,1
DA:145,1
DA:146,1
DA:150,1
DA:151,1
DA:153,1
DA:154,0
DA:155,0
DA:158,1
LF:55
LH:49
BRDA:30,0,0,1
BRDA:30,0,1,0
BRDA:67,1,0,6
BRDA:67,1,1,0
BRDA:68,2,0,0
BRDA:68,2,1,0
BRF:6
BRH:2
end_of_record
TN:
SF:config\database.js
FN:3,(anonymous_0)
FNF:1
FNH:1
FNDA:1,(anonymous_0)
DA:1,1
DA:3,1
DA:4,1
DA:5,1
DA:10,1
DA:12,0
DA:13,0
DA:17,1
LF:8
LH:6
BRF:0
BRH:0
end_of_record
TN:
SF:config\logger.js
FN:44,(anonymous_0)
FN:56,(anonymous_1)
FN:67,(anonymous_2)
FNF:3
FNH:1
FNDA:2,(anonymous_0)
FNDA:0,(anonymous_1)
FNDA:0,(anonymous_2)
DA:1,1
DA:2,1
DA:5,1
DA:6,1
DA:7,1
DA:8,0
DA:12,1
DA:40,1
DA:41,1
DA:45,2
DA:46,2
DA:47,0
DA:49,2
DA:56,1
DA:57,0
DA:67,1
DA:68,0
DA:74,1
LF:18
LH:14
BRDA:7,0,0,0
BRDA:7,0,1,1
BRDA:13,1,0,1
BRDA:13,1,1,1
BRDA:40,2,0,1
BRDA:40,2,1,0
BRDA:46,3,0,0
BRDA:46,3,1,2
BRDA:46,4,0,2
BRDA:46,4,1,2
BRDA:67,5,0,0
BRF:11
BRH:7
end_of_record
TN:
SF:config\socket.js
FN:6,(anonymous_0)
FN:19,(anonymous_1)
FN:23,(anonymous_2)
FN:29,(anonymous_3)
FN:35,(anonymous_4)
FN:40,(anonymous_5)
FN:48,(anonymous_6)
FN:56,(anonymous_7)
FN:66,(anonymous_8)
FN:75,(anonymous_9)
FN:84,(anonymous_10)
FN:91,(anonymous_11)
FN:98,(anonymous_12)
FNF:13
FNH:1
FNDA:1,(anonymous_0)
FNDA:0,(anonymous_1)
FNDA:0,(anonymous_2)
FNDA:0,(anonymous_3)
FNDA:0,(anonymous_4)
FNDA:0,(anonymous_5)
FNDA:0,(anonymous_6)
FNDA:0,(anonymous_7)
FNDA:0,(anonymous_8)
FNDA:0,(anonymous_9)
FNDA:0,(anonymous_10)
FNDA:0,(anonymous_11)
FNDA:0,(anonymous_12)
DA:1,1
DA:2,1
DA:6,1
DA:7,1
DA:19,1
DA:20,0
DA:23,0
DA:24,0
DA:25,0
DA:29,0
DA:30,0
DA:31,0
DA:35,0
DA:36,0
DA:37,0
DA:40,0
DA:41,0
DA:45,1
DA:48,1
DA:49,0
DA:50,0
DA:52,0
DA:56,1
DA:57,0
DA:59,0
DA:61,0
DA:62,0
DA:66,1
DA:67,0
DA:68,0
DA:69,0
DA:70,0
DA:71,0
DA:75,1
DA:76,0
DA:77,0
DA:78,0
DA:79,0
DA:80,0
DA:84,1
DA:85,0
DA:86,0
DA:87,0
DA:91,1
DA:92,0
DA:93,0
DA:94,0
DA:98,1
DA:99,0
DA:100,0
DA:101,0
DA:105,1
LF:52
LH:14
BRDA:49,0,0,0
BRDA:49,0,1,0
BRDA:57,1,0,0
BRDA:57,1,1,0
BRDA:67,2,0,0
BRDA:67,2,1,0
BRDA:76,3,0,0
BRDA:76,3,1,0
BRDA:85,4,0,0
BRDA:85,4,1,0
BRDA:92,5,0,0
BRDA:92,5,1,0
BRDA:99,6,0,0
BRDA:99,6,1,0
BRF:14
BRH:0
end_of_record
TN:
SF:controllers\authController.js
FN:6,(anonymous_0)
FN:15,(anonymous_1)
FN:59,(anonymous_2)
FN:88,(anonymous_3)
FNF:4
FNH:0
FNDA:0,(anonymous_0)
FNDA:0,(anonymous_1)
FNDA:0,(anonymous_2)
FNDA:0,(anonymous_3)
DA:1,1
DA:2,1
DA:3,1
DA:6,1
DA:7,0
DA:15,1
DA:16,0
DA:17,0
DA:20,0
DA:22,0
DA:23,0
DA:27,0
DA:37,0
DA:38,0
DA:48,0
DA:51,0
DA:52,0
DA:59,1
DA:60,0
DA:61,0
DA:64,0
DA:66,0
DA:67,0
DA:77,0
DA:80,0
DA:81,0
DA:88,1
DA:89,0
DA:90,0
DA:92,0
DA:93,0
DA:104,0
DA:107,0
DA:108,0
LF:34
LH:7
BRDA:22,0,0,0
BRDA:22,0,1,0
BRDA:32,1,0,0
BRDA:32,1,1,0
BRDA:37,2,0,0
BRDA:37,2,1,0
BRDA:66,3,0,0
BRDA:66,3,1,0
BRDA:66,4,0,0
BRDA:66,4,1,0
BRDA:92,5,0,0
BRDA:92,5,1,0
BRF:12
BRH:0
end_of_record
TN:
SF:middleware\auth.js
FN:7,(anonymous_0)
FN:38,(anonymous_1)
FNF:2
FNH:0
FNDA:0,(anonymous_0)
FNDA:0,(anonymous_1)
DA:1,1
DA:2,1
DA:7,1
DA:10,0
DA:11,0
DA:13,0
DA:16,0
DA:19,0
DA:21,0
DA:23,0
DA:24,0
DA:30,0
DA:31,0
DA:38,1
DA:39,0
DA:40,0
DA:42,0
DA:48,1
LF:18
LH:5
BRDA:10,0,0,0
BRDA:10,0,1,0
BRDA:10,1,0,0
BRDA:10,1,1,0
BRDA:30,2,0,0
BRDA:30,2,1,0
BRDA:39,3,0,0
BRDA:39,3,1,0
BRDA:39,4,0,0
BRDA:39,4,1,0
BRF:10
BRH:0
end_of_record
TN:
SF:middleware\errorHandler.js
FN:3,(anonymous_0)
FN:14,(anonymous_1)
FNF:2
FNH:0
FNDA:0,(anonymous_0)
FNDA:0,(anonymous_1)
DA:1,1
DA:3,1
DA:5,0
DA:13,0
DA:14,0
DA:15,0
DA:23,0
DA:24,0
DA:32,0
DA:33,0
DA:34,0
DA:42,0
DA:43,0
DA:49,0
DA:50,0
DA:57,0
DA:58,0
DA:59,0
DA:64,0
DA:65,0
DA:70,0
DA:77,0
DA:78,0
DA:81,0
DA:82,0
DA:89,0
DA:96,1
LF:27
LH:3
BRDA:13,0,0,0
BRDA:13,0,1,0
BRDA:23,1,0,0
BRDA:23,1,1,0
BRDA:32,2,0,0
BRDA:32,2,1,0
BRDA:42,3,0,0
BRDA:42,3,1,0
BRDA:49,4,0,0
BRDA:49,4,1,0
BRDA:57,5,0,0
BRDA:57,5,1,0
BRDA:58,6,0,0
BRDA:58,6,1,0
BRDA:64,7,0,0
BRDA:64,7,1,0
BRDA:77,8,0,0
BRDA:77,8,1,0
BRDA:77,8,2,0
BRDA:78,9,0,0
BRDA:78,9,1,0
BRDA:81,10,0,0
BRDA:81,10,1,0
BRDA:84,11,0,0
BRDA:84,11,1,0
BRF:25
BRH:0
end_of_record
TN:
SF:models\Candidat.js
FN:81,(anonymous_0)
FN:98,(anonymous_1)
FN:106,(anonymous_2)
FNF:3
FNH:0
FNDA:0,(anonymous_0)
FNDA:0,(anonymous_1)
FNDA:0,(anonymous_2)
DA:1,1
DA:2,1
DA:7,1
DA:74,1
DA:75,1
DA:76,1
DA:77,1
DA:78,1
DA:81,1
DA:82,0
DA:83,0
DA:84,0
DA:85,0
DA:86,0
DA:88,0
DA:89,0
DA:92,0
DA:94,0
DA:98,1
DA:99,0
DA:106,1
DA:107,0
DA:110,1
LF:23
LH:12
BRDA:82,0,0,0
BRDA:82,0,1,0
BRDA:88,1,0,0
BRDA:88,1,1,0
BRDA:88,2,0,0
BRDA:88,2,1,0
BRDA:88,2,2,0
BRDA:99,3,0,0
BRDA:99,3,1,0
BRDA:99,3,2,0
BRDA:99,3,3,0
BRF:11
BRH:0
end_of_record
TN:
SF:models\Debat.js
FN:42,(anonymous_0)
FN:116,(anonymous_1)
FN:122,(anonymous_2)
FN:127,(anonymous_3)
FN:128,(anonymous_4)
FN:137,(anonymous_5)
FNF:6
FNH:0
FNDA:0,(anonymous_0)
FNDA:0,(anonymous_1)
FNDA:0,(anonymous_2)
FNDA:0,(anonymous_3)
FNDA:0,(anonymous_4)
FNDA:0,(anonymous_5)
DA:1,1
DA:4,1
DA:29,1
DA:44,0
DA:110,1
DA:111,1
DA:112,1
DA:113,1
DA:116,1
DA:117,0
DA:122,1
DA:123,0
DA:126,0
DA:127,0
DA:128,0
DA:133,0
DA:137,1
DA:139,0
DA:143,0
DA:147,0
DA:152,0
DA:157,0
DA:160,1
LF:23
LH:11
BRDA:117,0,0,0
BRDA:117,0,1,0
BRDA:123,1,0,0
BRDA:123,1,1,0
BRDA:139,2,0,0
BRDA:139,2,1,0
BRDA:139,3,0,0
BRDA:139,3,1,0
BRDA:143,4,0,0
BRDA:143,4,1,0
BRF:10
BRH:0
end_of_record
TN:
SF:models\Transaction.js
FN:88,(anonymous_0)
FN:104,(anonymous_1)
FN:109,(anonymous_2)
FNF:3
FNH:0
FNDA:0,(anonymous_0)
FNDA:0,(anonymous_1)
FNDA:0,(anonymous_2)
DA:1,1
DA:2,1
DA:4,1
DA:88,1
DA:89,0
DA:90,0
DA:94,0
DA:98,0
DA:100,0
DA:104,1
DA:105,0
DA:109,1
DA:110,0
DA:113,1
LF:14
LH:7
BRDA:89,0,0,0
BRDA:89,0,1,0
BRDA:89,1,0,0
BRDA:89,1,1,0
BRDA:90,2,0,0
BRDA:90,2,1,0
BRDA:91,3,0,0
BRDA:91,3,1,0
BRDA:110,4,0,0
BRDA:110,4,1,0
BRF:10
BRH:0
end_of_record
TN:
SF:models\Trophee.js
FN:93,(anonymous_0)
FN:105,(anonymous_1)
FN:124,(anonymous_2)
FNF:3
FNH:0
FNDA:0,(anonymous_0)
FNDA:0,(anonymous_1)
FNDA:0,(anonymous_2)
DA:1,1
DA:4,1
DA:29,1
DA:93,1
DA:94,0
DA:95,0
DA:96,0
DA:97,0
DA:98,0
DA:101,0
DA:105,1
DA:106,0
DA:107,0
DA:111,0
DA:117,0
DA:118,0
DA:119,0
DA:120,0
DA:124,1
DA:125,0
DA:126,0
DA:130,0
DA:131,0
DA:134,0
DA:135,0
DA:136,0
DA:137,0
DA:139,0
DA:140,0
DA:141,0
DA:144,0
DA:145,0
DA:148,1
LF:33
LH:7
BRDA:94,0,0,0
BRDA:94,0,1,0
BRDA:95,1,0,0
BRDA:95,1,1,0
BRDA:95,2,0,0
BRDA:95,2,1,0
BRDA:97,3,0,0
BRDA:97,3,1,0
BRDA:97,4,0,0
BRDA:97,4,1,0
BRDA:105,5,0,0
BRDA:106,6,0,0
BRDA:106,6,1,0
BRDA:124,7,0,0
BRDA:125,8,0,0
BRDA:125,8,1,0
BRDA:130,9,0,0
BRDA:130,9,1,0
BRF:18
BRH:0
end_of_record
TN:
SF:models\User.js
FN:51,(anonymous_0)
FN:61,(anonymous_1)
FNF:2
FNH:0
FNDA:0,(anonymous_0)
FNDA:0,(anonymous_1)
DA:1,1
DA:2,1
DA:3,1
DA:5,1
DA:51,1
DA:52,0
DA:53,0
DA:56,0
DA:57,0
DA:61,1
DA:62,0
DA:65,1
LF:12
LH:7
BRDA:52,0,0,0
BRDA:52,0,1,0
BRF:2
BRH:0
end_of_record
TN:
SF:routes\auth.js
FNF:0
FNH:0
DA:1,1
DA:2,1
DA:3,1
DA:4,1
DA:6,1
DA:7,1
DA:8,1
DA:10,1
LF:8
LH:8
BRF:0
BRH:0
end_of_record
TN:
SF:routes\candidats.js
FN:13,(anonymous_0)
FN:127,(anonymous_1)
FN:155,(anonymous_2)
FN:186,(anonymous_3)
FN:242,(anonymous_4)
FNF:5
FNH:3
FNDA:0,(anonymous_0)
FNDA:3,(anonymous_1)
FNDA:4,(anonymous_2)
FNDA:2,(anonymous_3)
FNDA:0,(anonymous_4)
DA:1,1
DA:2,1
DA:3,1
DA:4,1
DA:5,1
DA:6,1
DA:7,1
DA:8,1
DA:13,1
DA:14,0
DA:27,0
DA:30,0
DA:34,0
DA:35,0
DA:41,0
DA:49,0
DA:50,0
DA:51,0
DA:53,0
DA:54,0
DA:55,0
DA:57,0
DA:58,0
DA:59,0
DA:60,0
DA:66,0
DA:82,0
DA:85,0
DA:86,0
DA:94,0
DA:97,0
DA:103,0
DA:115,0
DA:117,0
DA:127,1
DA:128,3
DA:129,3
DA:130,3
DA:133,3
DA:134,3
DA:135,1
DA:141,2
DA:146,2
DA:147,2
DA:155,4
DA:164,2
DA:175,0
DA:176,0
DA:186,1
DA:187,2
DA:188,2
DA:191,2
DA:193,2
DA:194,1
DA:201,2
DA:202,0
DA:205,2
DA:206,0
DA:210,2
DA:215,2
DA:216,2
DA:221,2
DA:231,0
DA:232,0
DA:242,1
DA:243,0
DA:244,0
DA:247,0
DA:248,0
DA:254,0
DA:260,0
DA:261,0
DA:268,1
LF:73
LH:35
BRDA:34,0,0,0
BRDA:34,0,1,0
BRDA:53,1,0,0
BRDA:53,1,1,0
BRDA:55,2,0,0
BRDA:55,2,1,0
BRDA:57,3,0,0
BRDA:57,3,1,0
BRDA:77,4,0,0
BRDA:77,4,1,0
BRDA:85,5,0,0
BRDA:85,5,1,0
BRDA:85,6,0,0
BRDA:85,6,1,0
BRDA:90,7,0,0
BRDA:90,7,1,0
BRDA:92,8,0,0
BRDA:92,8,1,0
BRDA:105,9,0,0
BRDA:105,9,1,0
BRDA:119,10,0,0
BRDA:119,10,1,0
BRDA:130,11,0,2
BRDA:130,12,0,2
BRDA:134,13,0,1
BRDA:134,13,1,2
BRDA:159,14,0,0
BRDA:159,14,1,4
BRDA:188,15,0,2
BRDA:188,16,0,2
BRDA:193,17,0,1
BRDA:193,17,1,1
BRDA:201,18,0,0
BRDA:201,18,1,2
BRDA:205,19,0,0
BRDA:205,19,1,2
BRDA:247,20,0,0
BRDA:247,20,1,0
BRF:38
BRH:11
end_of_record
TN:
SF:routes\debats.js
FN:13,(anonymous_0)
FN:31,(anonymous_1)
FN:73,(anonymous_2)
FN:90,(anonymous_3)
FN:97,(anonymous_4)
FN:159,(anonymous_5)
FN:185,(anonymous_6)
FN:206,(anonymous_7)
FN:229,(anonymous_8)
FN:270,(anonymous_9)
FN:311,(anonymous_10)
FN:356,(anonymous_11)
FN:387,(anonymous_12)
FN:449,(anonymous_13)
FN:473,(anonymous_14)
FNF:15
FNH:0
FNDA:0,(anonymous_0)
FNDA:0,(anonymous_1)
FNDA:0,(anonymous_2)
FNDA:0,(anonymous_3)
FNDA:0,(anonymous_4)
FNDA:0,(anonymous_5)
FNDA:0,(anonymous_6)
FNDA:0,(anonymous_7)
FNDA:0,(anonymous_8)
FNDA:0,(anonymous_9)
FNDA:0,(anonymous_10)
FNDA:0,(anonymous_11)
FNDA:0,(anonymous_12)
FNDA:0,(anonymous_13)
FNDA:0,(anonymous_14)
DA:1,1
DA:2,1
DA:3,1
DA:4,1
DA:5,1
DA:6,1
DA:7,1
DA:8,1
DA:13,1
DA:14,0
DA:15,0
DA:17,0
DA:23,0
DA:24,0
DA:30,0
DA:31,0
DA:32,0
DA:38,0
DA:39,0
DA:41,0
DA:42,0
DA:44,0
DA:47,0
DA:62,0
DA:63,0
DA:73,1
DA:74,0
DA:75,0
DA:77,0
DA:82,0
DA:83,0
DA:89,0
DA:90,0
DA:93,0
DA:94,0
DA:97,0
DA:106,0
DA:108,0
DA:109,0
DA:110,0
DA:111,0
DA:113,0
DA:121,0
DA:122,0
DA:125,0
DA:126,0
DA:128,0
DA:129,0
DA:130,0
DA:133,0
DA:136,0
DA:148,0
DA:149,0
DA:159,1
DA:160,0
DA:161,0
DA:168,0
DA:174,0
DA:175,0
DA:185,1
DA:186,0
DA:187,0
DA:189,0
DA:192,0
DA:193,0
DA:199,0
DA:200,0
DA:206,0
DA:207,0
DA:208,0
DA:214,0
DA:215,0
DA:217,0
DA:227,0
DA:229,0
DA:230,0
DA:231,0
DA:232,0
DA:235,0
DA:236,0
DA:238,0
DA:243,0
DA:247,0
DA:259,0
DA:260,0
DA:270,1
DA:271,0
DA:272,0
DA:274,0
DA:275,0
DA:281,0
DA:282,0
DA:288,0
DA:289,0
DA:291,0
DA:293,0
DA:300,0
DA:301,0
DA:311,1
DA:312,0
DA:319,0
DA:321,0
DA:322,0
DA:323,0
DA:324,0
DA:326,0
DA:334,0
DA:336,0
DA:345,0
DA:346,0
DA:356,1
DA:357,0
DA:358,0
DA:363,0
DA:364,0
DA:370,0
DA:376,0
DA:377,0
DA:387,1
DA:388,0
DA:389,0
DA:390,0
DA:392,0
DA:393,0
DA:399,0
DA:400,0
DA:406,0
DA:407,0
DA:408,0
DA:414,0
DA:415,0
DA:422,0
DA:423,0
DA:425,0
DA:426,0
DA:431,0
DA:438,0
DA:439,0
DA:449,1
DA:450,0
DA:451,0
DA:452,0
DA:453,0
DA:455,0
DA:460,0
DA:465,0
DA:469,0
DA:470,0
DA:471,0
DA:473,0
DA:474,0
DA:475,0
DA:476,0
DA:477,0
DA:478,0
DA:479,0
DA:480,0
DA:484,0
DA:485,0
DA:486,0
DA:488,0
DA:509,0
DA:510,0
DA:517,1
LF:164
LH:18
BRDA:23,0,0,0
BRDA:23,0,1,0
BRDA:31,1,0,0
BRDA:31,1,1,0
BRDA:82,2,0,0
BRDA:82,2,1,0
BRDA:93,3,0,0
BRDA:93,3,1,0
BRDA:192,4,0,0
BRDA:192,4,1,0
BRDA:199,5,0,0
BRDA:199,5,1,0
BRDA:207,6,0,0
BRDA:207,6,1,0
BRDA:274,7,0,0
BRDA:274,7,1,0
BRDA:281,8,0,0
BRDA:281,8,1,0
BRDA:317,9,0,0
BRDA:318,10,0,0
BRDA:322,11,0,0
BRDA:322,11,1,0
BRDA:323,12,0,0
BRDA:323,12,1,0
BRDA:324,13,0,0
BRDA:324,13,1,0
BRDA:363,14,0,0
BRDA:363,14,1,0
BRDA:392,15,0,0
BRDA:392,15,1,0
BRDA:399,16,0,0
BRDA:399,16,1,0
BRDA:407,17,0,0
BRDA:407,17,1,0
BRDA:407,18,0,0
BRDA:407,18,1,0
BRDA:414,19,0,0
BRDA:414,19,1,0
BRDA:414,20,0,0
BRDA:414,20,1,0
BRDA:475,21,0,0
BRDA:475,21,1,0
BRDA:475,22,0,0
BRDA:475,22,1,0
BRDA:478,23,0,0
BRDA:478,23,1,0
BRDA:494,24,0,0
BRDA:494,24,1,0
BRDA:495,25,0,0
BRDA:495,25,1,0
BRF:50
BRH:0
end_of_record
TN:
SF:routes\transactions.js
FN:11,(anonymous_0)
FN:99,(anonymous_1)
FN:183,(anonymous_2)
FN:242,(anonymous_3)
FN:294,(anonymous_4)
FN:338,(anonymous_5)
FNF:6
FNH:0
FNDA:0,(anonymous_0)
FNDA:0,(anonymous_1)
FNDA:0,(anonymous_2)
FNDA:0,(anonymous_3)
FNDA:0,(anonymous_4)
FNDA:0,(anonymous_5)
DA:1,1
DA:2,1
DA:3,1
DA:4,1
DA:5,1
DA:6,1
DA:11,1
DA:12,0
DA:13,0
DA:16,0
DA:17,0
DA:23,0
DA:24,0
DA:31,0
DA:32,0
DA:33,0
DA:40,0
DA:41,0
DA:48,0
DA:59,0
DA:63,0
DA:70,0
DA:72,0
DA:73,0
DA:74,0
DA:77,0
DA:79,0
DA:87,0
DA:88,0
DA:99,1
DA:100,0
DA:101,0
DA:102,0
DA:104,0
DA:105,0
DA:108,0
DA:109,0
DA:113,0
DA:115,0
DA:117,0
DA:127,0
DA:128,0
DA:130,0
DA:131,0
DA:132,0
DA:133,0
DA:134,0
DA:137,0
DA:140,0
DA:142,0
DA:147,0
DA:148,0
DA:151,0
DA:154,0
DA:157,0
DA:160,0
DA:161,0
DA:163,0
DA:165,0
DA:167,0
DA:174,0
DA:175,0
DA:183,1
DA:184,0
DA:185,0
DA:187,0
DA:188,0
DA:191,0
DA:192,0
DA:199,0
DA:200,0
DA:210,0
DA:211,0
DA:213,0
DA:214,0
DA:215,0
DA:216,0
DA:217,0
DA:220,0
DA:221,0
DA:223,0
DA:225,0
DA:227,0
DA:234,0
DA:235,0
DA:242,1
DA:243,0
DA:244,0
DA:245,0
DA:247,0
DA:248,0
DA:251,0
DA:252,0
DA:259,0
DA:260,0
DA:265,0
DA:266,0
DA:268,0
DA:271,0
DA:272,0
DA:273,0
DA:275,0
DA:277,0
DA:279,0
DA:286,0
DA:287,0
DA:294,1
DA:295,0
DA:296,0
DA:298,0
DA:300,0
DA:301,0
DA:304,0
DA:305,0
DA:308,0
DA:309,0
DA:317,0
DA:327,0
DA:328,0
DA:338,1
DA:339,0
DA:340,0
DA:342,0
DA:344,0
DA:345,0
DA:348,0
DA:349,0
DA:352,0
DA:353,0
DA:356,0
DA:357,0
DA:367,0
DA:375,0
DA:385,0
DA:386,0
DA:393,1
LF:136
LH:13
BRDA:16,0,0,0
BRDA:16,0,1,0
BRDA:16,1,0,0
BRDA:16,1,1,0
BRDA:16,1,2,0
BRDA:23,2,0,0
BRDA:23,2,1,0
BRDA:32,3,0,0
BRDA:32,3,1,0
BRDA:40,4,0,0
BRDA:40,4,1,0
BRDA:70,5,0,0
BRDA:70,5,1,0
BRDA:90,6,0,0
BRDA:90,6,1,0
BRDA:104,7,0,0
BRDA:104,7,1,0
BRDA:108,8,0,0
BRDA:108,8,1,0
BRDA:113,9,0,0
BRDA:113,9,1,0
BRDA:113,10,0,0
BRDA:113,10,1,0
BRDA:115,11,0,0
BRDA:115,11,1,0
BRDA:130,12,0,0
BRDA:130,12,1,0
BRDA:133,13,0,0
BRDA:133,13,1,0
BRDA:137,14,0,0
BRDA:137,14,1,0
BRDA:137,15,0,0
BRDA:137,15,1,0
BRDA:140,16,0,0
BRDA:140,16,1,0
BRDA:187,17,0,0
BRDA:187,17,1,0
BRDA:191,18,0,0
BRDA:191,18,1,0
BRDA:199,19,0,0
BRDA:199,19,1,0
BRDA:213,20,0,0
BRDA:213,20,1,0
BRDA:216,21,0,0
BRDA:216,21,1,0
BRDA:247,22,0,0
BRDA:247,22,1,0
BRDA:251,23,0,0
BRDA:251,23,1,0
BRDA:259,24,0,0
BRDA:259,24,1,0
BRDA:271,25,0,0
BRDA:271,25,1,0
BRDA:296,26,0,0
BRDA:296,27,0,0
BRDA:300,28,0,0
BRDA:300,28,1,0
BRDA:304,29,0,0
BRDA:304,29,1,0
BRDA:340,30,0,0
BRDA:340,31,0,0
BRDA:344,32,0,0
BRDA:344,32,1,0
BRDA:348,33,0,0
BRDA:348,33,1,0
BRDA:352,34,0,0
BRDA:352,34,1,0
BRF:67
BRH:0
end_of_record
TN:
SF:routes\trophees.js
FN:10,(anonymous_0)
FN:52,(anonymous_1)
FN:82,(anonymous_2)
FN:161,(anonymous_3)
FN:217,(anonymous_4)
FN:231,(anonymous_5)
FN:241,(anonymous_6)
FNF:7
FNH:0
FNDA:0,(anonymous_0)
FNDA:0,(anonymous_1)
FNDA:0,(anonymous_2)
FNDA:0,(anonymous_3)
FNDA:0,(anonymous_4)
FNDA:0,(anonymous_5)
FNDA:0,(anonymous_6)
DA:1,1
DA:2,1
DA:3,1
DA:4,1
DA:5,1
DA:10,1
DA:11,0
DA:12,0
DA:15,0
DA:16,0
DA:17,0
DA:23,0
DA:32,0
DA:34,0
DA:41,0
DA:42,0
DA:52,1
DA:53,0
DA:54,0
DA:56,0
DA:57,0
DA:58,0
DA:60,0
DA:65,0
DA:71,0
DA:72,0
DA:82,1
DA:83,0
DA:84,0
DA:85,0
DA:87,0
DA:88,0
DA:94,0
DA:95,0
DA:96,0
DA:103,0
DA:104,0
DA:111,0
DA:112,0
DA:119,0
DA:120,0
DA:121,0
DA:122,0
DA:123,0
DA:128,0
DA:129,0
DA:132,0
DA:133,0
DA:135,0
DA:150,0
DA:151,0
DA:161,1
DA:162,0
DA:163,0
DA:164,0
DA:166,0
DA:167,0
DA:173,0
DA:174,0
DA:181,0
DA:182,0
DA:183,0
DA:184,0
DA:188,0
DA:189,0
DA:191,0
DA:206,0
DA:207,0
DA:217,1
DA:218,0
DA:219,0
DA:222,0
DA:223,0
DA:230,0
DA:231,0
DA:233,0
DA:241,0
DA:251,0
DA:252,0
DA:259,1
LF:80
LH:11
BRDA:16,0,0,0
BRDA:16,0,1,0
BRDA:57,1,0,0
BRDA:57,1,1,0
BRDA:58,2,0,0
BRDA:58,2,1,0
BRDA:87,3,0,0
BRDA:87,3,1,0
BRDA:95,4,0,0
BRDA:95,4,1,0
BRDA:103,5,0,0
BRDA:103,5,1,0
BRDA:111,6,0,0
BRDA:111,6,1,0
BRDA:119,7,0,0
BRDA:119,7,1,0
BRDA:121,8,0,0
BRDA:121,8,1,0
BRDA:166,9,0,0
BRDA:166,9,1,0
BRDA:173,10,0,0
BRDA:173,10,1,0
BRDA:182,11,0,0
BRDA:182,11,1,0
BRDA:188,12,0,0
BRDA:188,12,1,0
BRDA:198,13,0,0
BRDA:198,13,1,0
BRDA:222,14,0,0
BRDA:222,14,1,0
BRF:30
BRH:0
end_of_record
TN:
SF:utils\calculsFinanciers.js
FN:23,calculerAge
FN:39,determinerCategorieEtFrais
FN:74,calculerRepartitionSimple
FN:111,organiserNouveauDebatSimple
FN:117,(anonymous_4)
FN:127,(anonymous_5)
FN:142,soumettreCandidature
FN:169,calculerGainsDefi
FN:177,creerDebatDefi
FN:186,(anonymous_9)
FN:188,(anonymous_10)
FN:193,(anonymous_11)
FN:202,(anonymous_12)
FNF:13
FNH:0
FNDA:0,calculerAge
FNDA:0,determinerCategorieEtFrais
FNDA:0,calculerRepartitionSimple
FNDA:0,organiserNouveauDebatSimple
FNDA:0,(anonymous_4)
FNDA:0,(anonymous_5)
FNDA:0,soumettreCandidature
FNDA:0,calculerGainsDefi
FNDA:0,creerDebatDefi
FNDA:0,(anonymous_9)
FNDA:0,(anonymous_10)
FNDA:0,(anonymous_11)
FNDA:0,(anonymous_12)
DA:7,1
DA:13,1
DA:24,0
DA:25,0
DA:26,0
DA:27,0
DA:29,0
DA:30,0
DA:33,0
DA:40,0
DA:43,0
DA:44,0
DA:51,0
DA:52,0
DA:54,0
DA:55,0
DA:58,0
DA:59,0
DA:60,0
DA:68,0
DA:75,0
DA:76,0
DA:79,0
DA:80,0
DA:82,0
DA:83,0
DA:84,0
DA:86,0
DA:97,0
DA:112,0
DA:113,0
DA:116,0
DA:117,0
DA:118,0
DA:121,0
DA:122,0
DA:123,0
DA:125,0
DA:127,0
DA:143,0
DA:145,0
DA:146,0
DA:149,0
DA:150,0
DA:155,0
DA:157,0
DA:170,0
DA:171,0
DA:178,0
DA:179,0
DA:182,0
DA:183,0
DA:186,0
DA:187,0
DA:188,0
DA:189,0
DA:192,0
DA:193,0
DA:194,0
DA:197,0
DA:198,0
DA:200,0
DA:202,0
DA:214,1
LF:64
LH:3
BRDA:29,0,0,0
BRDA:29,0,1,0
BRDA:29,1,0,0
BRDA:29,1,1,0
BRDA:29,1,2,0
BRDA:39,2,0,0
BRDA:43,3,0,0
BRDA:43,3,1,0
BRDA:51,4,0,0
BRDA:51,4,1,0
BRDA:54,5,0,0
BRDA:54,5,1,0
BRDA:59,6,0,0
BRDA:59,6,1,0
BRDA:59,7,0,0
BRDA:59,7,1,0
BRDA:82,8,0,0
BRDA:82,8,1,0
BRDA:112,9,0,0
BRDA:112,9,1,0
BRDA:112,10,0,0
BRDA:112,10,1,0
BRDA:117,11,0,0
BRDA:117,11,1,0
BRDA:145,12,0,0
BRDA:145,12,1,0
BRDA:149,13,0,0
BRDA:149,13,1,0
BRDA:169,14,0,0
BRDA:178,15,0,0
BRDA:178,15,1,0
BRDA:178,16,0,0
BRDA:178,16,1,0
BRDA:182,17,0,0
BRDA:182,17,1,0
BRDA:187,18,0,0
BRDA:187,18,1,0
BRDA:193,19,0,0
BRDA:193,19,1,0
BRF:39
BRH:0
end_of_record
TN:
SF:utils\paymentParser.js
FN:9,parseAirtelMessage
FNF:1
FNH:0
FNDA:0,parseAirtelMessage
DA:10,0
DA:11,0
DA:15,0
DA:19,0
DA:20,0
DA:24,0
DA:25,0
DA:29,0
DA:30,0
DA:33,0
DA:34,0
DA:36,0
DA:37,0
DA:45,0
DA:46,0
DA:48,0
DA:55,1
LF:17
LH:1
BRDA:10,0,0,0
BRDA:10,0,1,0
BRDA:33,1,0,0
BRDA:33,1,1,0
BRDA:36,2,0,0
BRDA:36,2,1,0
BRF:6
BRH:0
end_of_record
